

Microchip Technology PIC18 LITE Macro Assembler V1.21 build 54009 
                                                                                               Sun Nov 03 21:42:25 2013

Microchip Technology Omniscient Code Generator (Lite mode) build 54009
     1                           	processor	18F2620
     2                           	fnconf	rparam,??,?,0
     3                           	opt	pw 120
     4                           	opt	lm
     5                           	psect	intcodelo,global,reloc=2,class=CODE,delta=1
     6                           	psect	cinit,global,reloc=2,class=CODE,delta=1
     7                           	psect	cstackCOMRAM,global,class=COMRAM,space=1,delta=1
     8                           	psect	text0,global,reloc=2,class=CODE,delta=1
     9                           	psect	text1,global,reloc=2,class=CODE,delta=1
    10                           	psect	text2,global,reloc=2,class=CODE,delta=1
    11                           	psect	text3,global,reloc=2,class=CODE,delta=1
    12                           	psect	text4,global,reloc=2,class=CODE,delta=1
    13                           	psect	text5,global,reloc=2,class=CODE,delta=1
    14                           	psect	text6,global,reloc=2,class=CODE,delta=1
    15                           	psect	intcode,global,reloc=2,class=CODE,delta=1
    16                           	psect	intcode_body,global,reloc=2,class=CODE,delta=1
    17                           	psect	intsave_regs,global,class=BIGRAM,space=1,delta=1
    18                           	psect	rparam,global,class=COMRAM,space=1,delta=1
    19  0000                     _ADCON0	set	4034
    20  0000                     _ADCON0bits	set	4034
    21  0000                     _ADCON1	set	4033
    22  0000                     _ADCON2	set	4032
    23  0000                     _INTCONbits	set	4082
    24  0000                     _PIE1bits	set	3997
    25  0000                     _PIR1bits	set	3998
    26  0000                     _SSPBUF	set	4041
    27  0000                     _SSPCON1	set	4038
    28  0000                     _SSPCON1bits	set	4038
    29  0000                     _SSPSTAT	set	4039
    30  0000                     _SSPSTATbits	set	4039
    31  0000                     _TRISA	set	3986
    32  0000                     _TRISAbits	set	3986
    33  0000                     _TRISB	set	3987
    34  0000                     _TRISCbits	set	3988
    35                           
    36 ;; *************** function _low_isr *****************
    37 ;; Defined at:
    38 ;;		line 75 in file "interrupts.c"
    39 ;; Parameters:    Size  Location     Type
    40 ;;		None
    41 ;; Auto vars:     Size  Location     Type
    42 ;;		None
    43 ;; Return value:  Size  Location     Type
    44 ;;		None               void
    45 ;; Registers used:
    46 ;;		None
    47 ;; Tracked objects:
    48 ;;		On entry : 0/0
    49 ;;		On exit  : 0/0
    50 ;;		Unchanged: 0/0
    51 ;; Data sizes:     COMRAM   BANK0   BANK1   BANK2   BANK3   BANK4   BANK5   BANK6   BANK7   BANK8   BANK9  BANK10  BANK1
      +1  BANK12  BANK13  BANK14  BANK15
    52 ;;      Params:         0       0       0       0       0       0       0       0       0       0       0       0       
      +0       0       0       0       0
    53 ;;      Locals:         0       0       0       0       0       0       0       0       0       0       0       0       
      +0       0       0       0       0
    54 ;;      Temps:         17       0       0       0       0       0       0       0       0       0       0       0       
      +0       0       0       0       0
    55 ;;      Totals:        17       0       0       0       0       0       0       0       0       0       0       0       
      +0       0       0       0       0
    56 ;;Total ram usage:       17 bytes
    57 ;; Hardware stack levels used:    1
    58 ;; Hardware stack levels required when called:    1
    59 ;; This function calls:
    60 ;;		Nothing
    61 ;; This function is called by:
    62 ;;		Interrupt level 1
    63 ;; This function uses a non-reentrant model
    64 ;;
    65                           
    66                           	psect	intcodelo
    67  000018                     __pintcodelo:
    68                           	opt stack 0
    69                           
    70                           ; #config settings
    71  000018                     _low_isr:
    72                           	opt stack 27
    73                           
    74                           ;incstack = 0
    75  000018  CFD8 F001          	movff	status,??_low_isr
    76  00001C  CFE8 F002          	movff	wreg,??_low_isr+1
    77  000020  CFE0 F003          	movff	bsr,??_low_isr+2
    78  000024  CFFA F004          	movff	pclath,??_low_isr+3
    79  000028  CFFB F005          	movff	pclatu,??_low_isr+4
    80  00002C  CFE9 F006          	movff	fsr0l,??_low_isr+5
    81  000030  CFEA F007          	movff	fsr0h,??_low_isr+6
    82  000034  CFE1 F008          	movff	fsr1l,??_low_isr+7
    83  000038  CFE2 F009          	movff	fsr1h,??_low_isr+8
    84  00003C  CFD9 F00A          	movff	fsr2l,??_low_isr+9
    85  000040  CFDA F00B          	movff	fsr2h,??_low_isr+10
    86  000044  CFF3 F00C          	movff	prodl,??_low_isr+11
    87  000048  CFF4 F00D          	movff	prodh,??_low_isr+12
    88  00004C  CFF6 F00E          	movff	tblptrl,??_low_isr+13
    89  000050  CFF7 F00F          	movff	tblptrh,??_low_isr+14
    90  000054  CFF8 F010          	movff	tblptru,??_low_isr+15
    91  000058  CFF5 F011          	movff	tablat,??_low_isr+16
    92  00005C  C011  FFF5         	movff	??_low_isr+16,tablat
    93  000060  C010  FFF8         	movff	??_low_isr+15,tblptru
    94  000064  C00F  FFF7         	movff	??_low_isr+14,tblptrh
    95  000068  C00E  FFF6         	movff	??_low_isr+13,tblptrl
    96  00006C  C00D  FFF4         	movff	??_low_isr+12,prodh
    97  000070  C00C  FFF3         	movff	??_low_isr+11,prodl
    98  000074  C00B  FFDA         	movff	??_low_isr+10,fsr2h
    99  000078  C00A  FFD9         	movff	??_low_isr+9,fsr2l
   100  00007C  C009  FFE2         	movff	??_low_isr+8,fsr1h
   101  000080  C008  FFE1         	movff	??_low_isr+7,fsr1l
   102  000084  C007  FFEA         	movff	??_low_isr+6,fsr0h
   103  000088  C006  FFE9         	movff	??_low_isr+5,fsr0l
   104  00008C  C005  FFFB         	movff	??_low_isr+4,pclatu
   105  000090  C004  FFFA         	movff	??_low_isr+3,pclath
   106  000094  C003  FFE0         	movff	??_low_isr+2,bsr
   107  000098  C002  FFE8         	movff	??_low_isr+1,wreg
   108  00009C  C001  FFD8         	movff	??_low_isr,status
   109  0000A0  0010               	retfie	
   110  0000A2                     __end_of_low_isr:
   111                           	opt stack 0
   112                           pclatu	equ	0xFFB
   113                           pclath	equ	0xFFA
   114                           tblptru	equ	0xFF8
   115                           tblptrh	equ	0xFF7
   116                           tblptrl	equ	0xFF6
   117                           tablat	equ	0xFF5
   118                           prodh	equ	0xFF4
   119                           prodl	equ	0xFF3
   120                           fsr0h	equ	0xFEA
   121                           fsr0l	equ	0xFE9
   122                           wreg	equ	0xFE8
   123                           fsr1h	equ	0xFE2
   124                           fsr1l	equ	0xFE1
   125                           bsr	equ	0xFE0
   126                           fsr2h	equ	0xFDA
   127                           fsr2l	equ	0xFD9
   128                           status	equ	0xFD8
   129                           
   130                           	psect	cinit
   131  00025E                     __pcinit:
   132                           	opt stack 0
   133  00025E                     start_initialization:
   134                           	opt stack 0
   135  00025E                     __initialization:
   136                           	opt stack 0
   137  00025E                     end_of_initialization:
   138                           	opt stack 0
   139  00025E                     __end_of__initialization:
   140                           	opt stack 0
   141  00025E  0E00               	movlw	low (__Lmediumconst shr (0+16))
   142  000260  6EF8               	movwf	tblptru,c
   143  000262  0100               	movlb	0
   144  000264  EF09  F001         	goto	_main	;jump to C main() function
   145                           pclatu	equ	0xFFB
   146                           pclath	equ	0xFFA
   147                           tblptru	equ	0xFF8
   148                           tblptrh	equ	0xFF7
   149                           tblptrl	equ	0xFF6
   150                           tablat	equ	0xFF5
   151                           prodh	equ	0xFF4
   152                           prodl	equ	0xFF3
   153                           fsr0h	equ	0xFEA
   154                           fsr0l	equ	0xFE9
   155                           wreg	equ	0xFE8
   156                           fsr1h	equ	0xFE2
   157                           fsr1l	equ	0xFE1
   158                           bsr	equ	0xFE0
   159                           fsr2h	equ	0xFDA
   160                           fsr2l	equ	0xFD9
   161                           status	equ	0xFD8
   162                           
   163                           	psect	cstackCOMRAM
   164  000001                     __pcstackCOMRAM:
   165                           	opt stack 0
   166  000001                     ??_low_isr:
   167  000001                     
   168                           ; 0 bytes @ 0x0
   169  000001                     	ds	17
   170  000012                     ??_high_isr:
   171                           
   172                           ; 0 bytes @ 0x11
   173  000012                     	ds	14
   174  000020                     ?_OpenADC:
   175                           	opt stack 0
   176  000020                     ?_OpenSPI:
   177                           	opt stack 0
   178  000020                     ?_WriteSPI:
   179                           	opt stack 0
   180  000020                     OpenADC@config:
   181                           	opt stack 0
   182  000020                     OpenSPI@sync_mode:
   183                           	opt stack 0
   184  000020                     WriteSPI@data_out:
   185                           	opt stack 0
   186                           
   187                           ; 1 bytes @ 0x1F
   188  000020                     	ds	1
   189  000021                     OpenADC@config2:
   190                           	opt stack 0
   191  000021                     OpenSPI@bus_mode:
   192                           	opt stack 0
   193  000021                     WriteSPI@TempVar:
   194                           	opt stack 0
   195                           
   196                           ; 1 bytes @ 0x20
   197  000021                     	ds	1
   198  000022                     OpenADC@portconfig:
   199                           	opt stack 0
   200  000022                     OpenSPI@smp_phase:
   201                           	opt stack 0
   202                           
   203                           ; 1 bytes @ 0x21
   204  000022                     	ds	1
   205  000023                     ??_OpenADC:
   206  000023                     
   207                           ; 0 bytes @ 0x22
   208  000023                     	ds	2
   209  000025                     ??_InitApp:
   210                           
   211                           ; 0 bytes @ 0x24
   212  000025                     	ds	3
   213  000028                     ??_main:
   214                           
   215                           ; 0 bytes @ 0x27
   216  000028                     	ds	1
   217  000029                     main@i:
   218                           	opt stack 0
   219                           
   220                           ; 1 bytes @ 0x28
   221  000029                     	ds	1
   222                           pclatu	equ	0xFFB
   223                           pclath	equ	0xFFA
   224                           tblptru	equ	0xFF8
   225                           tblptrh	equ	0xFF7
   226                           tblptrl	equ	0xFF6
   227                           tablat	equ	0xFF5
   228                           prodh	equ	0xFF4
   229                           prodl	equ	0xFF3
   230                           fsr0h	equ	0xFEA
   231                           fsr0l	equ	0xFE9
   232                           wreg	equ	0xFE8
   233                           fsr1h	equ	0xFE2
   234                           fsr1l	equ	0xFE1
   235                           bsr	equ	0xFE0
   236                           fsr2h	equ	0xFDA
   237                           fsr2l	equ	0xFD9
   238                           status	equ	0xFD8
   239                           
   240 ;;
   241 ;;Main: autosize = 0, tempsize = 1, incstack = 0, save=0
   242 ;;
   243 ;; *************** function _main *****************
   244 ;; Defined at:
   245 ;;		line 35 in file "main.c"
   246 ;; Parameters:    Size  Location     Type
   247 ;;		None
   248 ;; Auto vars:     Size  Location     Type
   249 ;;  i               1   40[COMRAM] unsigned char 
   250 ;; Return value:  Size  Location     Type
   251 ;;		None               void
   252 ;; Registers used:
   253 ;;		wreg, fsr0l, fsr0h, fsr1l, fsr1h, fsr1l, fsr1h, fsr2l, fsr2h, status,2, status,0, pclat, btemp, btemp+1, btemp+2, bt
      +emp+3, btemp+4, btemp+5, btemp+6, btemp+7, tosl, structret, tblptrl, tblptrh, tblptru, prodl, prodh, bsr, cstack
   254 ;; Tracked objects:
   255 ;;		On entry : 0/0
   256 ;;		On exit  : 0/0
   257 ;;		Unchanged: 0/0
   258 ;; Data sizes:     COMRAM   BANK0   BANK1   BANK2   BANK3   BANK4   BANK5   BANK6   BANK7   BANK8   BANK9  BANK10  BANK1
      +1  BANK12  BANK13  BANK14  BANK15
   259 ;;      Params:         0       0       0       0       0       0       0       0       0       0       0       0       
      +0       0       0       0       0
   260 ;;      Locals:         1       0       0       0       0       0       0       0       0       0       0       0       
      +0       0       0       0       0
   261 ;;      Temps:          1       0       0       0       0       0       0       0       0       0       0       0       
      +0       0       0       0       0
   262 ;;      Totals:         2       0       0       0       0       0       0       0       0       0       0       0       
      +0       0       0       0       0
   263 ;;Total ram usage:        2 bytes
   264 ;; Hardware stack levels required when called:    4
   265 ;; This function calls:
   266 ;;		_ConfigureOscillator
   267 ;;		_InitApp
   268 ;;		_WriteSPI
   269 ;; This function is called by:
   270 ;;		Startup code after reset
   271 ;; This function uses a non-reentrant model
   272 ;;
   273                           
   274                           	psect	text0
   275  000212                     __ptext0:
   276                           	opt stack 0
   277  000212                     _main:
   278                           	opt stack 27
   279                           
   280                           ;main.c: 37: ConfigureOscillator();
   281                           
   282                           ;incstack = 0
   283                           ;incstack = 0
   284  000212  EC37  F001         	call	_ConfigureOscillator	;wreg free
   285                           
   286                           ;main.c: 40: InitApp();
   287  000216  ECE3  F000         	call	_InitApp	;wreg free
   288  00021A                     l690:
   289                           
   290                           ;main.c: 45: {
   291                           ;main.c: 55: for(char i=0; i<255; i++) {
   292  00021A  6E28               	movwf	??_main& (0+255),c
   293  00021C  0E00               	movlw	0
   294  00021E  6E29               	movwf	main@i,c
   295  000220  5028               	movf	??_main& (0+255),w,c
   296  000222  2829               	incf	main@i,w,c
   297  000224  B4D8               	btfsc	status,2,c
   298  000226  D7F9               	goto	l690
   299  000228                     l696:
   300  000228  C029  F020         	movff	main@i,?_WriteSPI
   301  00022C  EC21  F001         	call	_WriteSPI	;wreg free
   302  000230  0900               	iorlw	0
   303  000232  A4D8               	btfss	status,2,c
   304  000234  D7F9               	goto	l696
   305                           
   306                           ;main.c: 57: _delay((unsigned long)((200)*(20000000/4000000.0)));
   307  000236  0EFA               	movlw	250
   308  000238                     u77:
   309  000238  F000               	nop	
   310  00023A  2EE8               	decfsz	wreg,f,c
   311  00023C  D7FD               	goto	u77
   312  00023E  2A29               	incf	main@i,f,c
   313  000240  D7F0               	goto	L1
   314  000242                     __end_of_main:
   315                           	opt stack 0
   316                           pclatu	equ	0xFFB
   317                           pclath	equ	0xFFA
   318                           tblptru	equ	0xFF8
   319                           tblptrh	equ	0xFF7
   320                           tblptrl	equ	0xFF6
   321                           tablat	equ	0xFF5
   322                           prodh	equ	0xFF4
   323                           prodl	equ	0xFF3
   324                           fsr0h	equ	0xFEA
   325                           fsr0l	equ	0xFE9
   326                           wreg	equ	0xFE8
   327                           fsr1h	equ	0xFE2
   328                           fsr1l	equ	0xFE1
   329                           bsr	equ	0xFE0
   330                           fsr2h	equ	0xFDA
   331                           fsr2l	equ	0xFD9
   332                           status	equ	0xFD8
   333                           
   334 ;; *************** function _WriteSPI *****************
   335 ;; Defined at:
   336 ;;		line 14 in file "C:\Program Files (x86)\Microchip\xc8\v1.21\sources\pic18\plib\SPI\spi_writ.c"
   337 ;; Parameters:    Size  Location     Type
   338 ;;  data_out        1   31[COMRAM] unsigned char 
   339 ;; Auto vars:     Size  Location     Type
   340 ;;  TempVar         1   32[COMRAM] unsigned char 
   341 ;; Return value:  Size  Location     Type
   342 ;;                  1    wreg      char 
   343 ;; Registers used:
   344 ;;		wreg
   345 ;; Tracked objects:
   346 ;;		On entry : 0/0
   347 ;;		On exit  : 0/0
   348 ;;		Unchanged: 0/0
   349 ;; Data sizes:     COMRAM   BANK0   BANK1   BANK2   BANK3   BANK4   BANK5   BANK6   BANK7   BANK8   BANK9  BANK10  BANK1
      +1  BANK12  BANK13  BANK14  BANK15
   350 ;;      Params:         1       0       0       0       0       0       0       0       0       0       0       0       
      +0       0       0       0       0
   351 ;;      Locals:         1       0       0       0       0       0       0       0       0       0       0       0       
      +0       0       0       0       0
   352 ;;      Temps:          0       0       0       0       0       0       0       0       0       0       0       0       
      +0       0       0       0       0
   353 ;;      Totals:         2       0       0       0       0       0       0       0       0       0       0       0       
      +0       0       0       0       0
   354 ;;Total ram usage:        2 bytes
   355 ;; Hardware stack levels used:    1
   356 ;; Hardware stack levels required when called:    2
   357 ;; This function calls:
   358 ;;		Nothing
   359 ;; This function is called by:
   360 ;;		_main
   361 ;; This function uses a non-reentrant model
   362 ;;
   363                           
   364                           	psect	text1
   365  000242                     __ptext1:
   366                           	opt stack 0
   367  000242                     _WriteSPI:
   368                           	opt stack 28
   369                           
   370                           ;incstack = 0
   371                           ;incstack = 0
   372  000242  CFC9 F021          	movff	4041,WriteSPI@TempVar	;volatile
   373  000246  969E               	bcf	3998,3,c	;volatile
   374  000248  9EC6               	bcf	4038,7,c	;volatile
   375  00024A  C020  FFC9         	movff	WriteSPI@data_out,4041	;volatile
   376  00024E  AEC6               	btfss	4038,7,c	;volatile
   377  000250  D002               	goto	l110
   378  000252  0EFF               	movlw	255
   379  000254  D003               	goto	l108
   380  000256                     l110:
   381  000256  A69E               	btfss	3998,3,c	;volatile
   382  000258  D7FE               	goto	l110
   383  00025A  0E00               	movlw	0
   384  00025C                     l108:
   385  00025C  0012               	return	
   386  00025E                     __end_of_WriteSPI:
   387                           	opt stack 0
   388                           pclatu	equ	0xFFB
   389                           pclath	equ	0xFFA
   390                           tblptru	equ	0xFF8
   391                           tblptrh	equ	0xFF7
   392                           tblptrl	equ	0xFF6
   393                           tablat	equ	0xFF5
   394                           prodh	equ	0xFF4
   395                           prodl	equ	0xFF3
   396                           fsr0h	equ	0xFEA
   397                           fsr0l	equ	0xFE9
   398                           wreg	equ	0xFE8
   399                           fsr1h	equ	0xFE2
   400                           fsr1l	equ	0xFE1
   401                           bsr	equ	0xFE0
   402                           fsr2h	equ	0xFDA
   403                           fsr2l	equ	0xFD9
   404                           status	equ	0xFD8
   405                           
   406 ;; *************** function _InitApp *****************
   407 ;; Defined at:
   408 ;;		line 30 in file "user.c"
   409 ;; Parameters:    Size  Location     Type
   410 ;;		None
   411 ;; Auto vars:     Size  Location     Type
   412 ;;		None
   413 ;; Return value:  Size  Location     Type
   414 ;;		None               void
   415 ;; Registers used:
   416 ;;		wreg, fsr0l, fsr0h, fsr1l, fsr1h, fsr1l, fsr1h, fsr2l, fsr2h, status,2, status,0, pclat, btemp, btemp+1, btemp+2, bt
      +emp+3, btemp+4, btemp+5, btemp+6, btemp+7, tosl, structret, tblptrl, tblptrh, tblptru, prodl, prodh, bsr, cstack
   417 ;; Tracked objects:
   418 ;;		On entry : 0/0
   419 ;;		On exit  : 0/0
   420 ;;		Unchanged: 0/0
   421 ;; Data sizes:     COMRAM   BANK0   BANK1   BANK2   BANK3   BANK4   BANK5   BANK6   BANK7   BANK8   BANK9  BANK10  BANK1
      +1  BANK12  BANK13  BANK14  BANK15
   422 ;;      Params:         0       0       0       0       0       0       0       0       0       0       0       0       
      +0       0       0       0       0
   423 ;;      Locals:         0       0       0       0       0       0       0       0       0       0       0       0       
      +0       0       0       0       0
   424 ;;      Temps:          3       0       0       0       0       0       0       0       0       0       0       0       
      +0       0       0       0       0
   425 ;;      Totals:         3       0       0       0       0       0       0       0       0       0       0       0       
      +0       0       0       0       0
   426 ;;Total ram usage:        3 bytes
   427 ;; Hardware stack levels used:    1
   428 ;; Hardware stack levels required when called:    3
   429 ;; This function calls:
   430 ;;		_CloseADC
   431 ;;		_OpenADC
   432 ;;		_OpenSPI
   433 ;; This function is called by:
   434 ;;		_main
   435 ;; This function uses a non-reentrant model
   436 ;;
   437                           
   438                           	psect	text2
   439  0001C6                     __ptext2:
   440                           	opt stack 0
   441  0001C6                     _InitApp:
   442                           	opt stack 27
   443                           
   444                           ;user.c: 34: ADCON1 = 0b00001010;
   445                           
   446                           ;incstack = 0
   447                           ;incstack = 0
   448  0001C6  0E0A               	movlw	10
   449  0001C8  6EC1               	movwf	4033,c	;volatile
   450                           
   451                           ;user.c: 35: TRISA = 0b00000001;
   452  0001CA  0E01               	movlw	1
   453  0001CC  6E92               	movwf	3986,c	;volatile
   454                           
   455                           ;user.c: 36: TRISB = 0b00000000;
   456  0001CE  0E00               	movlw	0
   457  0001D0  6E93               	movwf	3987,c	;volatile
   458                           
   459                           ;user.c: 39: CloseADC();
   460  0001D2  EC34  F001         	call	_CloseADC	;wreg free
   461                           
   462                           ;user.c: 40: OpenADC(0b11011111 & 0b11110011 & 0b11111111,
   463                           ;user.c: 41: 0b10000111 & 0b01111111 & 0b11111100,
   464                           ;user.c: 42: 0b11111111);
   465  0001D6  6E25               	movwf	??_InitApp& (0+255),c
   466  0001D8  0ED3               	movlw	211
   467  0001DA  6E20               	movwf	?_OpenADC,c
   468  0001DC  5025               	movf	??_InitApp& (0+255),w,c
   469  0001DE  6E26               	movwf	(??_InitApp+1)& (0+255),c
   470  0001E0  0E04               	movlw	4
   471  0001E2  6E21               	movwf	?_OpenADC+1,c
   472  0001E4  5026               	movf	(??_InitApp+1)& (0+255),w,c
   473  0001E6  6E27               	movwf	(??_InitApp+2)& (0+255),c
   474  0001E8  0EFF               	movlw	255
   475  0001EA  6E22               	movwf	?_OpenADC+2,c
   476  0001EC  5027               	movf	(??_InitApp+2)& (0+255),w,c
   477  0001EE  EC89  F000         	call	_OpenADC	;wreg free
   478                           
   479                           ;user.c: 44: (SSPCON1 &=0xDF);
   480  0001F2  9AC6               	bcf	4038,5,c	;volatile
   481                           
   482                           ;user.c: 45: OpenSPI(0b00000000 & 0b00000101, 0b00000001, 0b00000000);
   483  0001F4  6E25               	movwf	??_InitApp& (0+255),c
   484  0001F6  0E00               	movlw	0
   485  0001F8  6E20               	movwf	?_OpenSPI,c
   486  0001FA  5025               	movf	??_InitApp& (0+255),w,c
   487  0001FC  6E26               	movwf	(??_InitApp+1)& (0+255),c
   488  0001FE  0E01               	movlw	1
   489  000200  6E21               	movwf	?_OpenSPI+1,c
   490  000202  5026               	movf	(??_InitApp+1)& (0+255),w,c
   491  000204  6E27               	movwf	(??_InitApp+2)& (0+255),c
   492  000206  0E00               	movlw	0
   493  000208  6E22               	movwf	?_OpenSPI+2,c
   494  00020A  5027               	movf	(??_InitApp+2)& (0+255),w,c
   495  00020C  ECB7  F000         	call	_OpenSPI	;wreg free
   496  000210  0012               	return	
   497  000212                     __end_of_InitApp:
   498                           	opt stack 0
   499                           pclatu	equ	0xFFB
   500                           pclath	equ	0xFFA
   501                           tblptru	equ	0xFF8
   502                           tblptrh	equ	0xFF7
   503                           tblptrl	equ	0xFF6
   504                           tablat	equ	0xFF5
   505                           prodh	equ	0xFF4
   506                           prodl	equ	0xFF3
   507                           fsr0h	equ	0xFEA
   508                           fsr0l	equ	0xFE9
   509                           wreg	equ	0xFE8
   510                           fsr1h	equ	0xFE2
   511                           fsr1l	equ	0xFE1
   512                           bsr	equ	0xFE0
   513                           fsr2h	equ	0xFDA
   514                           fsr2l	equ	0xFD9
   515                           status	equ	0xFD8
   516                           
   517 ;; *************** function _OpenSPI *****************
   518 ;; Defined at:
   519 ;;		line 15 in file "C:\Program Files (x86)\Microchip\xc8\v1.21\sources\pic18\plib\SPI\spi_open.c"
   520 ;; Parameters:    Size  Location     Type
   521 ;;  sync_mode       1   31[COMRAM] unsigned char 
   522 ;;  bus_mode        1   32[COMRAM] unsigned char 
   523 ;;  smp_phase       1   33[COMRAM] unsigned char 
   524 ;; Auto vars:     Size  Location     Type
   525 ;;		None
   526 ;; Return value:  Size  Location     Type
   527 ;;		None               void
   528 ;; Registers used:
   529 ;;		wreg, status,2, status,0
   530 ;; Tracked objects:
   531 ;;		On entry : 0/0
   532 ;;		On exit  : 0/0
   533 ;;		Unchanged: 0/0
   534 ;; Data sizes:     COMRAM   BANK0   BANK1   BANK2   BANK3   BANK4   BANK5   BANK6   BANK7   BANK8   BANK9  BANK10  BANK1
      +1  BANK12  BANK13  BANK14  BANK15
   535 ;;      Params:         3       0       0       0       0       0       0       0       0       0       0       0       
      +0       0       0       0       0
   536 ;;      Locals:         0       0       0       0       0       0       0       0       0       0       0       0       
      +0       0       0       0       0
   537 ;;      Temps:          0       0       0       0       0       0       0       0       0       0       0       0       
      +0       0       0       0       0
   538 ;;      Totals:         3       0       0       0       0       0       0       0       0       0       0       0       
      +0       0       0       0       0
   539 ;;Total ram usage:        3 bytes
   540 ;; Hardware stack levels used:    1
   541 ;; Hardware stack levels required when called:    2
   542 ;; This function calls:
   543 ;;		Nothing
   544 ;; This function is called by:
   545 ;;		_InitApp
   546 ;; This function uses a non-reentrant model
   547 ;;
   548                           
   549                           	psect	text3
   550  00016E                     __ptext3:
   551                           	opt stack 0
   552  00016E                     _OpenSPI:
   553                           	opt stack 27
   554                           
   555                           ;incstack = 0
   556                           ;incstack = 0
   557  00016E  0E3F               	movlw	63
   558  000170  16C7               	andwf	4039,f,c	;volatile
   559  000172  0E00               	movlw	0
   560  000174  6EC6               	movwf	4038,c	;volatile
   561  000176  5020               	movf	OpenSPI@sync_mode,w,c
   562  000178  12C6               	iorwf	4038,f,c	;volatile
   563  00017A  5022               	movf	OpenSPI@smp_phase,w,c
   564  00017C  12C7               	iorwf	4039,f,c	;volatile
   565  00017E  D005               	goto	l748
   566  000180                     l86:
   567  000180  8CC7               	bsf	4039,6,c	;volatile
   568  000182  D015               	goto	l752
   569  000184                     l88:
   570  000184  8CC7               	bsf	4039,6,c	;volatile
   571  000186                     l89:
   572  000186  88C6               	bsf	4038,4,c	;volatile
   573  000188  D012               	goto	l752
   574  00018A                     l748:
   575  00018A  5021               	movf	OpenSPI@bus_mode,w,c
   576                           
   577                           ; Switch size 1, requested type "space"
   578                           ; Number of cases is 3, Range of values is 0 to 3
   579                           ; switch strategies available:
   580                           ; Name         Instructions Cycles
   581                           ; simple_byte           10     6 (average)
   582                           ;	Chosen strategy is simple_byte
   583  00018C  0A00               	xorlw	0	; case 0
   584  00018E  B4D8               	btfsc	status,2,c
   585  000190  D7F7               	goto	l86
   586  000192  0A02               	xorlw	2	; case 2
   587  000194  B4D8               	btfsc	status,2,c
   588  000196  D7F6               	goto	l88
   589  000198  0A01               	xorlw	1	; case 3
   590  00019A  B4D8               	btfsc	status,2,c
   591  00019C  D7F4               	goto	l89
   592  00019E  D007               	goto	l752
   593  0001A0                     l92:
   594  0001A0  8694               	bsf	3988,3,c	;volatile
   595  0001A2  8A92               	bsf	3986,5,c	;volatile
   596  0001A4  D00C               	goto	l93
   597  0001A6                     l94:
   598  0001A6  8694               	bsf	3988,3,c	;volatile
   599  0001A8  D00A               	goto	l93
   600  0001AA                     l95:
   601  0001AA  9694               	bcf	3988,3,c	;volatile
   602  0001AC  D008               	goto	l93
   603  0001AE                     l752:
   604  0001AE  5020               	movf	OpenSPI@sync_mode,w,c
   605                           
   606                           ; Switch size 1, requested type "space"
   607                           ; Number of cases is 2, Range of values is 4 to 5
   608                           ; switch strategies available:
   609                           ; Name         Instructions Cycles
   610                           ; simple_byte            7     4 (average)
   611                           ;	Chosen strategy is simple_byte
   612  0001B0  0A04               	xorlw	4	; case 4
   613  0001B2  B4D8               	btfsc	status,2,c
   614  0001B4  D7F5               	goto	l92
   615  0001B6  0A01               	xorlw	1	; case 5
   616  0001B8  B4D8               	btfsc	status,2,c
   617  0001BA  D7F5               	goto	l94
   618  0001BC  D7F6               	goto	l95
   619  0001BE                     l93:
   620  0001BE  8894               	bsf	3988,4,c	;volatile
   621  0001C0  9A94               	bcf	3988,5,c	;volatile
   622  0001C2  8AC6               	bsf	4038,5,c	;volatile
   623  0001C4  0012               	return	
   624  0001C6                     __end_of_OpenSPI:
   625                           	opt stack 0
   626                           pclatu	equ	0xFFB
   627                           pclath	equ	0xFFA
   628                           tblptru	equ	0xFF8
   629                           tblptrh	equ	0xFF7
   630                           tblptrl	equ	0xFF6
   631                           tablat	equ	0xFF5
   632                           prodh	equ	0xFF4
   633                           prodl	equ	0xFF3
   634                           fsr0h	equ	0xFEA
   635                           fsr0l	equ	0xFE9
   636                           wreg	equ	0xFE8
   637                           fsr1h	equ	0xFE2
   638                           fsr1l	equ	0xFE1
   639                           bsr	equ	0xFE0
   640                           fsr2h	equ	0xFDA
   641                           fsr2l	equ	0xFD9
   642                           status	equ	0xFD8
   643                           
   644 ;; *************** function _OpenADC *****************
   645 ;; Defined at:
   646 ;;		line 71 in file "C:\Program Files (x86)\Microchip\xc8\v1.21\sources\pic18\plib\ADC\adcopen.c"
   647 ;; Parameters:    Size  Location     Type
   648 ;;  config          1   31[COMRAM] unsigned char 
   649 ;;  config2         1   32[COMRAM] unsigned char 
   650 ;;  portconfig      1   33[COMRAM] unsigned char 
   651 ;; Auto vars:     Size  Location     Type
   652 ;;		None
   653 ;; Return value:  Size  Location     Type
   654 ;;		None               void
   655 ;; Registers used:
   656 ;;		wreg, status,2, status,0
   657 ;; Tracked objects:
   658 ;;		On entry : 0/0
   659 ;;		On exit  : 0/0
   660 ;;		Unchanged: 0/0
   661 ;; Data sizes:     COMRAM   BANK0   BANK1   BANK2   BANK3   BANK4   BANK5   BANK6   BANK7   BANK8   BANK9  BANK10  BANK1
      +1  BANK12  BANK13  BANK14  BANK15
   662 ;;      Params:         3       0       0       0       0       0       0       0       0       0       0       0       
      +0       0       0       0       0
   663 ;;      Locals:         0       0       0       0       0       0       0       0       0       0       0       0       
      +0       0       0       0       0
   664 ;;      Temps:          2       0       0       0       0       0       0       0       0       0       0       0       
      +0       0       0       0       0
   665 ;;      Totals:         5       0       0       0       0       0       0       0       0       0       0       0       
      +0       0       0       0       0
   666 ;;Total ram usage:        5 bytes
   667 ;; Hardware stack levels used:    1
   668 ;; Hardware stack levels required when called:    2
   669 ;; This function calls:
   670 ;;		Nothing
   671 ;; This function is called by:
   672 ;;		_InitApp
   673 ;; This function uses a non-reentrant model
   674 ;;
   675                           
   676                           	psect	text4
   677  000112                     __ptext4:
   678                           	opt stack 0
   679  000112                     _OpenADC:
   680                           	opt stack 27
   681                           
   682                           ;incstack = 0
   683                           ;incstack = 0
   684  000112  0E00               	movlw	0
   685  000114  6EC2               	movwf	4034,c	;volatile
   686  000116  0E00               	movlw	0
   687  000118  6EC0               	movwf	4032,c	;volatile
   688  00011A  90D8               	bcf	status,0,c
   689  00011C  3021               	rrcf	OpenADC@config2,w,c
   690  00011E  0B3C               	andlw	60
   691  000120  6EC2               	movwf	4034,c	;volatile
   692  000122  C021  F023         	movff	OpenADC@config2,??_OpenADC
   693  000126  3A23               	swapf	??_OpenADC,f,c
   694  000128  0EF0               	movlw	240
   695  00012A  1623               	andwf	??_OpenADC,f,c
   696  00012C  0E30               	movlw	48
   697  00012E  1623               	andwf	??_OpenADC,f,c
   698  000130  5022               	movf	OpenADC@portconfig,w,c
   699  000132  0B0F               	andlw	15
   700  000134  1023               	iorwf	??_OpenADC,w,c
   701  000136  6EC1               	movwf	4033,c	;volatile
   702  000138  C020  F023         	movff	OpenADC@config,??_OpenADC
   703  00013C  90D8               	bcf	status,0,c
   704  00013E  3623               	rlcf	??_OpenADC,f,c
   705  000140  90D8               	bcf	status,0,c
   706  000142  3623               	rlcf	??_OpenADC,f,c
   707  000144  0E38               	movlw	56
   708  000146  1623               	andwf	??_OpenADC,f,c
   709  000148  C020  F024         	movff	OpenADC@config,??_OpenADC+1
   710  00014C  3A24               	swapf	??_OpenADC+1,f,c
   711  00014E  0E0F               	movlw	15
   712  000150  1624               	andwf	??_OpenADC+1,f,c
   713  000152  0E07               	movlw	7
   714  000154  1624               	andwf	??_OpenADC+1,f,c
   715  000156  5020               	movf	OpenADC@config,w,c
   716  000158  0B80               	andlw	128
   717  00015A  1024               	iorwf	??_OpenADC+1,w,c
   718  00015C  1023               	iorwf	??_OpenADC,w,c
   719  00015E  6EC0               	movwf	4032,c	;volatile
   720  000160  AE21               	btfss	OpenADC@config2,7,c
   721  000162  D003               	goto	l69
   722  000164  9C9E               	bcf	3998,6,c	;volatile
   723  000166  8C9D               	bsf	3997,6,c	;volatile
   724  000168  8CF2               	bsf	intcon,6,c	;volatile
   725  00016A                     l69:
   726  00016A  80C2               	bsf	4034,0,c	;volatile
   727  00016C  0012               	return	
   728  00016E                     __end_of_OpenADC:
   729                           	opt stack 0
   730                           pclatu	equ	0xFFB
   731                           pclath	equ	0xFFA
   732                           tblptru	equ	0xFF8
   733                           tblptrh	equ	0xFF7
   734                           tblptrl	equ	0xFF6
   735                           tablat	equ	0xFF5
   736                           prodh	equ	0xFF4
   737                           prodl	equ	0xFF3
   738                           intcon	equ	0xFF2
   739                           fsr0h	equ	0xFEA
   740                           fsr0l	equ	0xFE9
   741                           wreg	equ	0xFE8
   742                           fsr1h	equ	0xFE2
   743                           fsr1l	equ	0xFE1
   744                           bsr	equ	0xFE0
   745                           fsr2h	equ	0xFDA
   746                           fsr2l	equ	0xFD9
   747                           status	equ	0xFD8
   748                           
   749 ;; *************** function _CloseADC *****************
   750 ;; Defined at:
   751 ;;		line 24 in file "C:\Program Files (x86)\Microchip\xc8\v1.21\sources\pic18\plib\ADC\adcclose.c"
   752 ;; Parameters:    Size  Location     Type
   753 ;;		None
   754 ;; Auto vars:     Size  Location     Type
   755 ;;		None
   756 ;; Return value:  Size  Location     Type
   757 ;;		None               void
   758 ;; Registers used:
   759 ;;		None
   760 ;; Tracked objects:
   761 ;;		On entry : 0/0
   762 ;;		On exit  : 0/0
   763 ;;		Unchanged: 0/0
   764 ;; Data sizes:     COMRAM   BANK0   BANK1   BANK2   BANK3   BANK4   BANK5   BANK6   BANK7   BANK8   BANK9  BANK10  BANK1
      +1  BANK12  BANK13  BANK14  BANK15
   765 ;;      Params:         0       0       0       0       0       0       0       0       0       0       0       0       
      +0       0       0       0       0
   766 ;;      Locals:         0       0       0       0       0       0       0       0       0       0       0       0       
      +0       0       0       0       0
   767 ;;      Temps:          0       0       0       0       0       0       0       0       0       0       0       0       
      +0       0       0       0       0
   768 ;;      Totals:         0       0       0       0       0       0       0       0       0       0       0       0       
      +0       0       0       0       0
   769 ;;Total ram usage:        0 bytes
   770 ;; Hardware stack levels used:    1
   771 ;; Hardware stack levels required when called:    2
   772 ;; This function calls:
   773 ;;		Nothing
   774 ;; This function is called by:
   775 ;;		_InitApp
   776 ;; This function uses a non-reentrant model
   777 ;;
   778                           
   779                           	psect	text5
   780  000268                     __ptext5:
   781                           	opt stack 0
   782  000268                     _CloseADC:
   783                           	opt stack 27
   784                           
   785                           ;incstack = 0
   786                           ;incstack = 0
   787  000268  90C2               	bcf	4034,0,c	;volatile
   788  00026A  9C9D               	bcf	3997,6,c	;volatile
   789  00026C  0012               	return	
   790  00026E                     __end_of_CloseADC:
   791                           	opt stack 0
   792                           pclatu	equ	0xFFB
   793                           pclath	equ	0xFFA
   794                           tblptru	equ	0xFF8
   795                           tblptrh	equ	0xFF7
   796                           tblptrl	equ	0xFF6
   797                           tablat	equ	0xFF5
   798                           prodh	equ	0xFF4
   799                           prodl	equ	0xFF3
   800                           intcon	equ	0xFF2
   801                           fsr0h	equ	0xFEA
   802                           fsr0l	equ	0xFE9
   803                           wreg	equ	0xFE8
   804                           fsr1h	equ	0xFE2
   805                           fsr1l	equ	0xFE1
   806                           bsr	equ	0xFE0
   807                           fsr2h	equ	0xFDA
   808                           fsr2l	equ	0xFD9
   809                           status	equ	0xFD8
   810                           
   811 ;; *************** function _ConfigureOscillator *****************
   812 ;; Defined at:
   813 ;;		line 25 in file "system.c"
   814 ;; Parameters:    Size  Location     Type
   815 ;;		None
   816 ;; Auto vars:     Size  Location     Type
   817 ;;		None
   818 ;; Return value:  Size  Location     Type
   819 ;;		None               void
   820 ;; Registers used:
   821 ;;		None
   822 ;; Tracked objects:
   823 ;;		On entry : 0/0
   824 ;;		On exit  : 0/0
   825 ;;		Unchanged: 0/0
   826 ;; Data sizes:     COMRAM   BANK0   BANK1   BANK2   BANK3   BANK4   BANK5   BANK6   BANK7   BANK8   BANK9  BANK10  BANK1
      +1  BANK12  BANK13  BANK14  BANK15
   827 ;;      Params:         0       0       0       0       0       0       0       0       0       0       0       0       
      +0       0       0       0       0
   828 ;;      Locals:         0       0       0       0       0       0       0       0       0       0       0       0       
      +0       0       0       0       0
   829 ;;      Temps:          0       0       0       0       0       0       0       0       0       0       0       0       
      +0       0       0       0       0
   830 ;;      Totals:         0       0       0       0       0       0       0       0       0       0       0       0       
      +0       0       0       0       0
   831 ;;Total ram usage:        0 bytes
   832 ;; Hardware stack levels used:    1
   833 ;; Hardware stack levels required when called:    2
   834 ;; This function calls:
   835 ;;		Nothing
   836 ;; This function is called by:
   837 ;;		_main
   838 ;; This function uses a non-reentrant model
   839 ;;
   840                           
   841                           	psect	text6
   842  00026E                     __ptext6:
   843                           	opt stack 0
   844  00026E                     _ConfigureOscillator:
   845                           	opt stack 28
   846                           
   847                           ;incstack = 0
   848                           ;incstack = 0
   849  00026E  0012               	return	
   850  000270                     __end_of_ConfigureOscillator:
   851                           	opt stack 0
   852                           pclatu	equ	0xFFB
   853                           pclath	equ	0xFFA
   854                           tblptru	equ	0xFF8
   855                           tblptrh	equ	0xFF7
   856                           tblptrl	equ	0xFF6
   857                           tablat	equ	0xFF5
   858                           prodh	equ	0xFF4
   859                           prodl	equ	0xFF3
   860                           intcon	equ	0xFF2
   861                           fsr0h	equ	0xFEA
   862                           fsr0l	equ	0xFE9
   863                           wreg	equ	0xFE8
   864                           fsr1h	equ	0xFE2
   865                           fsr1l	equ	0xFE1
   866                           bsr	equ	0xFE0
   867                           fsr2h	equ	0xFDA
   868                           fsr2l	equ	0xFD9
   869                           status	equ	0xFD8
   870                           
   871 ;; *************** function _high_isr *****************
   872 ;; Defined at:
   873 ;;		line 36 in file "interrupts.c"
   874 ;; Parameters:    Size  Location     Type
   875 ;;		None
   876 ;; Auto vars:     Size  Location     Type
   877 ;;		None
   878 ;; Return value:  Size  Location     Type
   879 ;;		None               void
   880 ;; Registers used:
   881 ;;		None
   882 ;; Tracked objects:
   883 ;;		On entry : 0/0
   884 ;;		On exit  : 0/0
   885 ;;		Unchanged: 0/0
   886 ;; Data sizes:     COMRAM   BANK0   BANK1   BANK2   BANK3   BANK4   BANK5   BANK6   BANK7   BANK8   BANK9  BANK10  BANK1
      +1  BANK12  BANK13  BANK14  BANK15
   887 ;;      Params:         0       0       0       0       0       0       0       0       0       0       0       0       
      +0       0       0       0       0
   888 ;;      Locals:         0       0       0       0       0       0       0       0       0       0       0       0       
      +0       0       0       0       0
   889 ;;      Temps:         14       0       0       0       0       0       0       0       0       0       0       0       
      +0       0       0       0       0
   890 ;;      Totals:        14       0       0       0       0       0       0       0       0       0       0       0       
      +0       0       0       0       0
   891 ;;Total ram usage:       14 bytes
   892 ;; Hardware stack levels used:    1
   893 ;; This function calls:
   894 ;;		Nothing
   895 ;; This function is called by:
   896 ;;		Interrupt level 2
   897 ;; This function uses a non-reentrant model
   898 ;;
   899                           
   900                           	psect	intcode
   901  000008                     __pintcode:
   902                           	opt stack 0
   903  000008                     _high_isr:
   904                           	opt stack 27
   905                           
   906                           ;incstack = 0
   907  000008  CFFA F012          	movff	pclath,??_high_isr
   908  00000C  CFFB F013          	movff	pclatu,??_high_isr+1
   909  000010  ED53  F000         	call	int_func,f	;refresh shadow registers
   910                           pclatu	equ	0xFFB
   911                           pclath	equ	0xFFA
   912                           tblptru	equ	0xFF8
   913                           tblptrh	equ	0xFF7
   914                           tblptrl	equ	0xFF6
   915                           tablat	equ	0xFF5
   916                           prodh	equ	0xFF4
   917                           prodl	equ	0xFF3
   918                           intcon	equ	0xFF2
   919                           fsr0h	equ	0xFEA
   920                           fsr0l	equ	0xFE9
   921                           wreg	equ	0xFE8
   922                           fsr1h	equ	0xFE2
   923                           fsr1l	equ	0xFE1
   924                           bsr	equ	0xFE0
   925                           fsr2h	equ	0xFDA
   926                           fsr2l	equ	0xFD9
   927                           status	equ	0xFD8
   928                           
   929                           	psect	intcode_body
   930  0000A6                     __pintcode_body:
   931                           	opt stack 27
   932  0000A6                     int_func:
   933                           	opt stack 27
   934  0000A6  0006               	pop		; remove dummy address from shadow register refresh
   935  0000A8  CFE9 F014          	movff	fsr0l,??_high_isr+2
   936  0000AC  CFEA F015          	movff	fsr0h,??_high_isr+3
   937  0000B0  CFE1 F016          	movff	fsr1l,??_high_isr+4
   938  0000B4  CFE2 F017          	movff	fsr1h,??_high_isr+5
   939  0000B8  CFD9 F018          	movff	fsr2l,??_high_isr+6
   940  0000BC  CFDA F019          	movff	fsr2h,??_high_isr+7
   941  0000C0  CFF3 F01A          	movff	prodl,??_high_isr+8
   942  0000C4  CFF4 F01B          	movff	prodh,??_high_isr+9
   943  0000C8  CFF6 F01C          	movff	tblptrl,??_high_isr+10
   944  0000CC  CFF7 F01D          	movff	tblptrh,??_high_isr+11
   945  0000D0  CFF8 F01E          	movff	tblptru,??_high_isr+12
   946  0000D4  CFF5 F01F          	movff	tablat,??_high_isr+13
   947  0000D8  C01F  FFF5         	movff	??_high_isr+13,tablat
   948  0000DC  C01E  FFF8         	movff	??_high_isr+12,tblptru
   949  0000E0  C01D  FFF7         	movff	??_high_isr+11,tblptrh
   950  0000E4  C01C  FFF6         	movff	??_high_isr+10,tblptrl
   951  0000E8  C01B  FFF4         	movff	??_high_isr+9,prodh
   952  0000EC  C01A  FFF3         	movff	??_high_isr+8,prodl
   953  0000F0  C019  FFDA         	movff	??_high_isr+7,fsr2h
   954  0000F4  C018  FFD9         	movff	??_high_isr+6,fsr2l
   955  0000F8  C017  FFE2         	movff	??_high_isr+5,fsr1h
   956  0000FC  C016  FFE1         	movff	??_high_isr+4,fsr1l
   957  000100  C015  FFEA         	movff	??_high_isr+3,fsr0h
   958  000104  C014  FFE9         	movff	??_high_isr+2,fsr0l
   959  000108  C013  FFFB         	movff	??_high_isr+1,pclatu
   960  00010C  C012  FFFA         	movff	??_high_isr,pclath
   961  000110  0011               	retfie		f
   962  000112                     __end_of_high_isr:
   963                           	opt stack 0
   964  0000                     pclatu	equ	0xFFB
   965                           pclath	equ	0xFFA
   966                           tblptru	equ	0xFF8
   967                           tblptrh	equ	0xFF7
   968                           tblptrl	equ	0xFF6
   969                           tablat	equ	0xFF5
   970                           prodh	equ	0xFF4
   971                           prodl	equ	0xFF3
   972                           intcon	equ	0xFF2
   973                           fsr0h	equ	0xFEA
   974                           fsr0l	equ	0xFE9
   975                           wreg	equ	0xFE8
   976                           fsr1h	equ	0xFE2
   977                           fsr1l	equ	0xFE1
   978                           bsr	equ	0xFE0
   979                           fsr2h	equ	0xFDA
   980                           fsr2l	equ	0xFD9
   981                           status	equ	0xFD8
   982                           pclatu	equ	0xFFB
   983                           pclath	equ	0xFFA
   984                           tblptru	equ	0xFF8
   985                           tblptrh	equ	0xFF7
   986                           tblptrl	equ	0xFF6
   987                           tablat	equ	0xFF5
   988                           prodh	equ	0xFF4
   989                           prodl	equ	0xFF3
   990                           intcon	equ	0xFF2
   991                           fsr0h	equ	0xFEA
   992                           fsr0l	equ	0xFE9
   993                           wreg	equ	0xFE8
   994                           fsr1h	equ	0xFE2
   995                           fsr1l	equ	0xFE1
   996                           bsr	equ	0xFE0
   997                           fsr2h	equ	0xFDA
   998                           fsr2l	equ	0xFD9
   999                           status	equ	0xFD8
  1000                           
  1001                           	psect	rparam
  1002  0000                     pclatu	equ	0xFFB
  1003                           pclath	equ	0xFFA
  1004                           tblptru	equ	0xFF8
  1005                           tblptrh	equ	0xFF7
  1006                           tblptrl	equ	0xFF6
  1007                           tablat	equ	0xFF5
  1008                           prodh	equ	0xFF4
  1009                           prodl	equ	0xFF3
  1010                           intcon	equ	0xFF2
  1011                           fsr0h	equ	0xFEA
  1012                           fsr0l	equ	0xFE9
  1013                           wreg	equ	0xFE8
  1014                           fsr1h	equ	0xFE2
  1015                           fsr1l	equ	0xFE1
  1016                           bsr	equ	0xFE0
  1017                           fsr2h	equ	0xFDA
  1018                           fsr2l	equ	0xFD9
  1019                           status	equ	0xFD8


Data Sizes:
    Strings     0
    Constant    0
    Data        0
    BSS         0
    Persistent  0
    Stack       0

Auto Spaces:
    Space          Size  Autos    Used
    COMRAM          127     41      41
    BANK0           128      0       0
    BANK1           256      0       0
    BANK2           256      0       0
    BANK3           256      0       0
    BANK4           256      0       0
    BANK5           256      0       0
    BANK6           256      0       0
    BANK7           256      0       0
    BANK8           256      0       0
    BANK9           256      0       0
    BANK10          256      0       0
    BANK11          256      0       0
    BANK12          256      0       0
    BANK13          256      0       0
    BANK14          256      0       0
    BANK15          128      0       0

Pointer List with Targets:

    None.

Critical Paths under _main in COMRAM

    _main->_InitApp
    _InitApp->_OpenADC

Critical Paths under _high_isr in COMRAM

    None.

Critical Paths under _low_isr in COMRAM

    None.

Critical Paths under _main in BANK0

    None.

Critical Paths under _high_isr in BANK0

    None.

Critical Paths under _low_isr in BANK0

    None.

Critical Paths under _main in BANK1

    None.

Critical Paths under _high_isr in BANK1

    None.

Critical Paths under _low_isr in BANK1

    None.

Critical Paths under _main in BANK2

    None.

Critical Paths under _high_isr in BANK2

    None.

Critical Paths under _low_isr in BANK2

    None.

Critical Paths under _main in BANK3

    None.

Critical Paths under _high_isr in BANK3

    None.

Critical Paths under _low_isr in BANK3

    None.

Critical Paths under _main in BANK4

    None.

Critical Paths under _high_isr in BANK4

    None.

Critical Paths under _low_isr in BANK4

    None.

Critical Paths under _main in BANK5

    None.

Critical Paths under _high_isr in BANK5

    None.

Critical Paths under _low_isr in BANK5

    None.

Critical Paths under _main in BANK6

    None.

Critical Paths under _high_isr in BANK6

    None.

Critical Paths under _low_isr in BANK6

    None.

Critical Paths under _main in BANK7

    None.

Critical Paths under _high_isr in BANK7

    None.

Critical Paths under _low_isr in BANK7

    None.

Critical Paths under _main in BANK8

    None.

Critical Paths under _high_isr in BANK8

    None.

Critical Paths under _low_isr in BANK8

    None.

Critical Paths under _main in BANK9

    None.

Critical Paths under _high_isr in BANK9

    None.

Critical Paths under _low_isr in BANK9

    None.

Critical Paths under _main in BANK10

    None.

Critical Paths under _high_isr in BANK10

    None.

Critical Paths under _low_isr in BANK10

    None.

Critical Paths under _main in BANK11

    None.

Critical Paths under _high_isr in BANK11

    None.

Critical Paths under _low_isr in BANK11

    None.

Critical Paths under _main in BANK12

    None.

Critical Paths under _high_isr in BANK12

    None.

Critical Paths under _low_isr in BANK12

    None.

Critical Paths under _main in BANK13

    None.

Critical Paths under _high_isr in BANK13

    None.

Critical Paths under _low_isr in BANK13

    None.

Critical Paths under _main in BANK14

    None.

Critical Paths under _high_isr in BANK14

    None.

Critical Paths under _low_isr in BANK14

    None.

Critical Paths under _main in BANK15

    None.

Critical Paths under _high_isr in BANK15

    None.

Critical Paths under _low_isr in BANK15

    None.

Call Graph Tables:

 ---------------------------------------------------------------------------------
 (Depth) Function   	        Calls       Base Space   Used Autos Params    Refs
 ---------------------------------------------------------------------------------
 (0) _main                                                 2     2      0     225
                                             39 COMRAM     2     2      0
                _ConfigureOscillator
                            _InitApp
                           _WriteSPI
 ---------------------------------------------------------------------------------
 (1) _WriteSPI                                             2     1      1      15
                                             31 COMRAM     2     1      1
 ---------------------------------------------------------------------------------
 (1) _InitApp                                              3     3      0     165
                                             36 COMRAM     3     3      0
                           _CloseADC
                            _OpenADC
                            _OpenSPI
 ---------------------------------------------------------------------------------
 (2) _OpenSPI                                              3     0      3      60
                                             31 COMRAM     3     0      3
 ---------------------------------------------------------------------------------
 (2) _OpenADC                                              5     2      3     105
                                             31 COMRAM     5     2      3
 ---------------------------------------------------------------------------------
 (2) _CloseADC                                             0     0      0       0
 ---------------------------------------------------------------------------------
 (1) _ConfigureOscillator                                  0     0      0       0
 ---------------------------------------------------------------------------------
 Estimated maximum stack depth 2
 ---------------------------------------------------------------------------------
 (Depth) Function   	        Calls       Base Space   Used Autos Params    Refs
 ---------------------------------------------------------------------------------
 (3) _low_isr                                             17    17      0       0
                                              0 COMRAM    17    17      0
 ---------------------------------------------------------------------------------
 Estimated maximum stack depth 3
 ---------------------------------------------------------------------------------
 (Depth) Function   	        Calls       Base Space   Used Autos Params    Refs
 ---------------------------------------------------------------------------------
 (4) _high_isr                                            14    14      0       0
                                             17 COMRAM    14    14      0
 ---------------------------------------------------------------------------------
 Estimated maximum stack depth 4
 ---------------------------------------------------------------------------------

 Call Graph Graphs:

 _main (ROOT)
   _ConfigureOscillator
   _InitApp
     _CloseADC
     _OpenADC
     _OpenSPI
   _WriteSPI

 _low_isr (ROOT)

 _high_isr (ROOT)

 Address spaces:
Name               Size   Autos  Total    Cost      Usage
BITCOMRAM           7F      0       0       0        0.0%
EEDATA             400      0       0       0        0.0%
NULL                 0      0       0       0        0.0%
CODE                 0      0       0       0        0.0%
COMRAM              7F     29      29       1       32.3%
STACK                0      0       2       2        0.0%
DATA                 0      0       0       3        0.0%
BITBANK0            80      0       0       4        0.0%
BANK0               80      0       0       5        0.0%
BITBANK1           100      0       0       6        0.0%
BANK1              100      0       0       7        0.0%
BITBANK2           100      0       0       8        0.0%
BANK2              100      0       0       9        0.0%
BITBANK3           100      0       0      10        0.0%
BANK3              100      0       0      11        0.0%
BITBANK4           100      0       0      12        0.0%
BANK4              100      0       0      13        0.0%
BITBANK5           100      0       0      14        0.0%
BANK5              100      0       0      15        0.0%
BITBANK6           100      0       0      16        0.0%
BANK6              100      0       0      17        0.0%
BITBANK7           100      0       0      18        0.0%
BANK7              100      0       0      19        0.0%
BITBANK8           100      0       0      20        0.0%
BANK8              100      0       0      21        0.0%
BITBANK9           100      0       0      22        0.0%
BANK9              100      0       0      23        0.0%
BITBANK10          100      0       0      24        0.0%
BANK10             100      0       0      25        0.0%
BITBANK11          100      0       0      26        0.0%
BANK11             100      0       0      27        0.0%
BITBANK12          100      0       0      28        0.0%
BANK12             100      0       0      29        0.0%
BITBANK13          100      0       0      30        0.0%
BANK13             100      0       0      31        0.0%
BITBANK14          100      0       0      32        0.0%
BANK14             100      0       0      33        0.0%
ABS                  0      0       0      34        0.0%
BITBANK15           80      0       0      35        0.0%
BANK15              80      0       0      36        0.0%
BIGRAM             F7F      0       0      37        0.0%
BITSFR               0      0       0      40        0.0%
SFR                  0      0       0      40        0.0%


Microchip Technology PIC18 Macro Assembler V1.21 build 54009 
Symbol Table                                                                                   Sun Nov 03 21:42:25 2013

                 _SSPSTATbits 000FC7                            l92 01A0                            l69 016A  
                          l93 01BE                            l94 01A6                            l86 0180  
                          l95 01AA                            l88 0184                            l89 0186  
                          u77 0238                            bsr 000FE0                   __CFG_BORV$3 000000  
                __CFG_CP0$OFF 000000                  __CFG_CP1$OFF 000000                  __CFG_CP2$OFF 000000  
                 __CFG_OSC$EC 000000                  __CFG_CP3$OFF 000000                   __CFG_LVP$ON 000000  
                 __CFG_WDT$ON 000000                           l110 0256                           l108 025C  
                         l752 01AE                           l690 021A                           l748 018A  
                         l696 0228                  __CFG_CPB$OFF 000000                  __CFG_CPD$OFF 000000  
                         i1l6 005C                           i2l3 00D8                           wreg 000FE8  
                        _main 0212                          fsr0h 000FEA                          fsr1h 000FE2  
                        fsr0l 000FE9                          fsr2h 000FDA                          fsr1l 000FE1  
                        fsr2l 000FD9                          pclat 000FFA                          prodh 000FF4  
                        prodl 000FF3                          start 00A2                 __CFG_IESO$OFF 000000  
               __CFG_MCLRE$ON 000000               __end_of_InitApp 0212               __end_of_OpenADC 016E  
             __end_of_OpenSPI 01C6                         ?_main 0001                         _TRISA 000F92  
                       _TRISB 000F93           _ConfigureOscillator 026E                 __CFG_PWRT$OFF 000000  
               __CFG_WRT0$OFF 000000                 __CFG_WRT1$OFF 000000                 __CFG_WRT2$OFF 000000  
               __CFG_WRT3$OFF 000000                __CFG_EBTR0$OFF 000000                __CFG_FCMEN$OFF 000000  
              __CFG_EBTR1$OFF 000000                __CFG_EBTR2$OFF 000000                __CFG_EBTR3$OFF 000000  
               __CFG_WRTB$OFF 000000                 __CFG_WRTC$OFF 000000                 __CFG_WRTD$OFF 000000  
              __CFG_EBTRB$OFF 000000                         main@i 0029               __end_of_low_isr 00A2  
                       tablat 000FF5                         status 000FD8          ?_ConfigureOscillator 0001  
            __end_of_CloseADC 026E               __initialization 025E                  __end_of_main 0242  
                      ??_main 0028                 __activetblptr 000002                        _ADCON0 000FC2  
                      _ADCON1 000FC1                        _ADCON2 000FC0              __end_of_WriteSPI 025E  
                      _SSPBUF 000FC9                     ??_InitApp 0025         ??_ConfigureOscillator 0020  
                   ??_OpenADC 0023                     ??_OpenSPI 0023                __CFG_XINST$OFF 000000  
            __end_of_high_isr 0112                __CFG_STVREN$ON 000000               WriteSPI@TempVar 0021  
                   ??_low_isr 0001                        tblptrh 000FF7                        tblptrl 000FF6  
                      tblptru 000FF8                    __accesstop 0080       __end_of__initialization 025E  
             __CFG_PBADEN$OFF 000000                __pcstackCOMRAM 0001                     ?_CloseADC 0001  
                   ?_WriteSPI 0020                    ??_CloseADC 0020                       _SSPCON1 000FC6  
                   ?_high_isr 0001                       _SSPSTAT 000FC7                       _InitApp 01C6  
                     _OpenADC 0112                       _OpenSPI 016E                       __Hparam 0000  
                     __Lparam 0000                       __pcinit 025E                       __ramtop 1000  
                  ??_WriteSPI 0021                       __ptext0 0212                       __ptext1 0242  
                     __ptext2 01C6                       __ptext3 016E                       __ptext4 0112  
                     __ptext5 0268                       __ptext6 026E                       _low_isr 0018  
              OpenADC@config2 0021                    ??_high_isr 0012                __pintcode_body 00A6  
        end_of_initialization 025E                 __Lmediumconst 0000                       int_func 00A6  
            WriteSPI@data_out 0020                     _TRISAbits 000F92                     _TRISCbits 000F94  
 __end_of_ConfigureOscillator 0270              OpenSPI@smp_phase 0022           start_initialization 025E  
            OpenSPI@sync_mode 0020             __size_of_CloseADC 0006              __CFG_LPT1OSC$OFF 000000  
           __size_of_WriteSPI 001C             __size_of_high_isr 010A                      ?_InitApp 0001  
           OpenADC@portconfig 0022                      ?_OpenADC 0020                      ?_OpenSPI 0020  
           __CFG_CCP2MX$PORTC 000000                     __pintcode 0008                   __pintcodelo 0018  
                    ?_low_isr 0001                 OpenADC@config 0020                      _PIE1bits 000F9D  
                    _PIR1bits 000F9E              __CFG_WDTPS$32768 000000               OpenSPI@bus_mode 0021  
                  _ADCON0bits 000FC2                      _CloseADC 0268              __size_of_InitApp 004C  
                    __Hrparam 0000              __size_of_OpenADC 005C                      __Lrparam 0000  
            __size_of_OpenSPI 0058            __CFG_BOREN$SBORDIS 000000                      _WriteSPI 0242  
            __size_of_low_isr 008A                      _high_isr 0008                 __size_of_main 0030  
__size_of_ConfigureOscillator 0002                    _INTCONbits 000FF2                      intlevel1 0000  
                    intlevel2 0000                   _SSPCON1bits 000FC6  
