

Microchip Technology PIC18 LITE Macro Assembler V1.21 build 54009 
                                                                                               Tue Oct 29 00:18:47 2013

Microchip Technology Omniscient Code Generator (Lite mode) build 54009
     1                           	processor	18F2620
     2                           	fnconf	rparam,??,?,0
     3                           	opt	pw 120
     4                           	opt	lm
     5                           	psect	intcodelo,global,reloc=2,class=CODE,delta=1
     6                           	psect	cinit,global,reloc=2,class=CODE,delta=1
     7                           	psect	cstackCOMRAM,global,class=COMRAM,space=1,delta=1
     8                           	psect	text0,global,reloc=2,class=CODE,delta=1
     9                           	psect	text1,global,reloc=2,class=CODE,delta=1
    10                           	psect	text2,global,reloc=2,class=CODE,delta=1
    11                           	psect	text3,global,reloc=2,class=CODE,delta=1
    12                           	psect	intcode,global,reloc=2,class=CODE,delta=1
    13                           	psect	intcode_body,global,reloc=2,class=CODE,delta=1
    14                           	psect	intsave_regs,global,class=BIGRAM,space=1,delta=1
    15                           	psect	rparam,global,class=COMRAM,space=1,delta=1
    16  0000                     _ADCON0	set	4034
    17  0000                     _ADCON1	set	4033
    18  0000                     _ADRESH	set	4036
    19  0000                     _PORTB	set	3969
    20  0000                     _TRISA	set	3986
    21  0000                     _TRISB	set	3987
    22  0000                     _ACQT0	set	32259
    23  0000                     _ACQT1	set	32260
    24  0000                     _ACQT2	set	32261
    25  0000                     _ADCS0	set	32256
    26  0000                     _ADCS1	set	32257
    27  0000                     _ADCS2	set	32258
    28  0000                     _ADON	set	32272
    29  0000                     _DONE	set	32273
    30  0000                     _GO	set	32273
    31                           
    32 ;; *************** function _low_isr *****************
    33 ;; Defined at:
    34 ;;		line 75 in file "interrupts.c"
    35 ;; Parameters:    Size  Location     Type
    36 ;;		None
    37 ;; Auto vars:     Size  Location     Type
    38 ;;		None
    39 ;; Return value:  Size  Location     Type
    40 ;;		None               void
    41 ;; Registers used:
    42 ;;		None
    43 ;; Tracked objects:
    44 ;;		On entry : 0/0
    45 ;;		On exit  : 0/0
    46 ;;		Unchanged: 0/0
    47 ;; Data sizes:     COMRAM   BANK0   BANK1   BANK2   BANK3   BANK4   BANK5   BANK6   BANK7   BANK8   BANK9  BANK10  BANK1
      +1  BANK12  BANK13  BANK14  BANK15
    48 ;;      Params:         0       0       0       0       0       0       0       0       0       0       0       0       
      +0       0       0       0       0
    49 ;;      Locals:         0       0       0       0       0       0       0       0       0       0       0       0       
      +0       0       0       0       0
    50 ;;      Temps:         17       0       0       0       0       0       0       0       0       0       0       0       
      +0       0       0       0       0
    51 ;;      Totals:        17       0       0       0       0       0       0       0       0       0       0       0       
      +0       0       0       0       0
    52 ;;Total ram usage:       17 bytes
    53 ;; Hardware stack levels used:    1
    54 ;; Hardware stack levels required when called:    1
    55 ;; This function calls:
    56 ;;		Nothing
    57 ;; This function is called by:
    58 ;;		Interrupt level 1
    59 ;; This function uses a non-reentrant model
    60 ;;
    61                           
    62                           	psect	intcodelo
    63  000018                     __pintcodelo:
    64                           	opt stack 0
    65                           
    66                           ; #config settings
    67  000018                     _low_isr:
    68                           	opt stack 28
    69                           
    70                           ;incstack = 0
    71  000018  CFD8 F001          	movff	status,??_low_isr
    72  00001C  CFE8 F002          	movff	wreg,??_low_isr+1
    73  000020  CFE0 F003          	movff	bsr,??_low_isr+2
    74  000024  CFFA F004          	movff	pclath,??_low_isr+3
    75  000028  CFFB F005          	movff	pclatu,??_low_isr+4
    76  00002C  CFE9 F006          	movff	fsr0l,??_low_isr+5
    77  000030  CFEA F007          	movff	fsr0h,??_low_isr+6
    78  000034  CFE1 F008          	movff	fsr1l,??_low_isr+7
    79  000038  CFE2 F009          	movff	fsr1h,??_low_isr+8
    80  00003C  CFD9 F00A          	movff	fsr2l,??_low_isr+9
    81  000040  CFDA F00B          	movff	fsr2h,??_low_isr+10
    82  000044  CFF3 F00C          	movff	prodl,??_low_isr+11
    83  000048  CFF4 F00D          	movff	prodh,??_low_isr+12
    84  00004C  CFF6 F00E          	movff	tblptrl,??_low_isr+13
    85  000050  CFF7 F00F          	movff	tblptrh,??_low_isr+14
    86  000054  CFF8 F010          	movff	tblptru,??_low_isr+15
    87  000058  CFF5 F011          	movff	tablat,??_low_isr+16
    88  00005C  C011  FFF5         	movff	??_low_isr+16,tablat
    89  000060  C010  FFF8         	movff	??_low_isr+15,tblptru
    90  000064  C00F  FFF7         	movff	??_low_isr+14,tblptrh
    91  000068  C00E  FFF6         	movff	??_low_isr+13,tblptrl
    92  00006C  C00D  FFF4         	movff	??_low_isr+12,prodh
    93  000070  C00C  FFF3         	movff	??_low_isr+11,prodl
    94  000074  C00B  FFDA         	movff	??_low_isr+10,fsr2h
    95  000078  C00A  FFD9         	movff	??_low_isr+9,fsr2l
    96  00007C  C009  FFE2         	movff	??_low_isr+8,fsr1h
    97  000080  C008  FFE1         	movff	??_low_isr+7,fsr1l
    98  000084  C007  FFEA         	movff	??_low_isr+6,fsr0h
    99  000088  C006  FFE9         	movff	??_low_isr+5,fsr0l
   100  00008C  C005  FFFB         	movff	??_low_isr+4,pclatu
   101  000090  C004  FFFA         	movff	??_low_isr+3,pclath
   102  000094  C003  FFE0         	movff	??_low_isr+2,bsr
   103  000098  C002  FFE8         	movff	??_low_isr+1,wreg
   104  00009C  C001  FFD8         	movff	??_low_isr,status
   105  0000A0  0010               	retfie	
   106  0000A2                     __end_of_low_isr:
   107                           	opt stack 0
   108                           pclatu	equ	0xFFB
   109                           pclath	equ	0xFFA
   110                           tblptru	equ	0xFF8
   111                           tblptrh	equ	0xFF7
   112                           tblptrl	equ	0xFF6
   113                           tablat	equ	0xFF5
   114                           prodh	equ	0xFF4
   115                           prodl	equ	0xFF3
   116                           fsr0h	equ	0xFEA
   117                           fsr0l	equ	0xFE9
   118                           wreg	equ	0xFE8
   119                           fsr1h	equ	0xFE2
   120                           fsr1l	equ	0xFE1
   121                           bsr	equ	0xFE0
   122                           fsr2h	equ	0xFDA
   123                           fsr2l	equ	0xFD9
   124                           status	equ	0xFD8
   125                           
   126                           	psect	cinit
   127  000176                     __pcinit:
   128                           	opt stack 0
   129  000176                     start_initialization:
   130                           	opt stack 0
   131  000176                     __initialization:
   132                           	opt stack 0
   133  000176                     end_of_initialization:
   134                           	opt stack 0
   135  000176                     __end_of__initialization:
   136                           	opt stack 0
   137  000176  0100               	movlb	0
   138  000178  EF9F  F000         	goto	_main	;jump to C main() function
   139                           pclatu	equ	0xFFB
   140                           pclath	equ	0xFFA
   141                           tblptru	equ	0xFF8
   142                           tblptrh	equ	0xFF7
   143                           tblptrl	equ	0xFF6
   144                           tablat	equ	0xFF5
   145                           prodh	equ	0xFF4
   146                           prodl	equ	0xFF3
   147                           fsr0h	equ	0xFEA
   148                           fsr0l	equ	0xFE9
   149                           wreg	equ	0xFE8
   150                           fsr1h	equ	0xFE2
   151                           fsr1l	equ	0xFE1
   152                           bsr	equ	0xFE0
   153                           fsr2h	equ	0xFDA
   154                           fsr2l	equ	0xFD9
   155                           status	equ	0xFD8
   156                           
   157                           	psect	cstackCOMRAM
   158  000001                     __pcstackCOMRAM:
   159                           	opt stack 0
   160  000001                     ??_low_isr:
   161  000001                     
   162                           ; 0 bytes @ 0x0
   163  000001                     	ds	17
   164  000012                     ??_high_isr:
   165                           
   166                           ; 0 bytes @ 0x11
   167  000012                     	ds	14
   168  000020                     ?_readVoltage:
   169                           	opt stack 0
   170                           
   171                           ; 2 bytes @ 0x1F
   172  000020                     	ds	2
   173  000022                     pclatu	equ	0xFFB
   174                           pclath	equ	0xFFA
   175                           tblptru	equ	0xFF8
   176                           tblptrh	equ	0xFF7
   177                           tblptrl	equ	0xFF6
   178                           tablat	equ	0xFF5
   179                           prodh	equ	0xFF4
   180                           prodl	equ	0xFF3
   181                           fsr0h	equ	0xFEA
   182                           fsr0l	equ	0xFE9
   183                           wreg	equ	0xFE8
   184                           fsr1h	equ	0xFE2
   185                           fsr1l	equ	0xFE1
   186                           bsr	equ	0xFE0
   187                           fsr2h	equ	0xFDA
   188                           fsr2l	equ	0xFD9
   189                           status	equ	0xFD8
   190                           
   191                           ; 0 bytes @ 0x21
   192 ;;
   193 ;;Main: autosize = 0, tempsize = 0, incstack = 0, save=0
   194 ;;
   195 ;; *************** function _main *****************
   196 ;; Defined at:
   197 ;;		line 34 in file "main.c"
   198 ;; Parameters:    Size  Location     Type
   199 ;;		None
   200 ;; Auto vars:     Size  Location     Type
   201 ;;		None
   202 ;; Return value:  Size  Location     Type
   203 ;;		None               void
   204 ;; Registers used:
   205 ;;		wreg, fsr0l, fsr0h, fsr1l, fsr1h, fsr1l, fsr1h, fsr2l, fsr2h, status,2, status,0, pclat, btemp, btemp+1, btemp+2, bt
      +emp+3, btemp+4, btemp+5, btemp+6, btemp+7, tosl, structret, tblptrl, tblptrh, tblptru, prodl, prodh, bsr, cstack
   206 ;; Tracked objects:
   207 ;;		On entry : 0/0
   208 ;;		On exit  : 0/0
   209 ;;		Unchanged: 0/0
   210 ;; Data sizes:     COMRAM   BANK0   BANK1   BANK2   BANK3   BANK4   BANK5   BANK6   BANK7   BANK8   BANK9  BANK10  BANK1
      +1  BANK12  BANK13  BANK14  BANK15
   211 ;;      Params:         0       0       0       0       0       0       0       0       0       0       0       0       
      +0       0       0       0       0
   212 ;;      Locals:         0       0       0       0       0       0       0       0       0       0       0       0       
      +0       0       0       0       0
   213 ;;      Temps:          0       0       0       0       0       0       0       0       0       0       0       0       
      +0       0       0       0       0
   214 ;;      Totals:         0       0       0       0       0       0       0       0       0       0       0       0       
      +0       0       0       0       0
   215 ;;Total ram usage:        0 bytes
   216 ;; Hardware stack levels required when called:    3
   217 ;; This function calls:
   218 ;;		_ConfigureOscillator
   219 ;;		_InitApp
   220 ;;		_readVoltage
   221 ;; This function is called by:
   222 ;;		Startup code after reset
   223 ;; This function uses a non-reentrant model
   224 ;;
   225                           
   226                           	psect	text0
   227  00013E                     __ptext0:
   228                           	opt stack 0
   229  00013E                     _main:
   230                           	opt stack 28
   231                           
   232                           ;main.c: 36: ConfigureOscillator();
   233                           
   234                           ;incstack = 0
   235                           ;incstack = 0
   236  00013E  ECBE  F000         	call	_ConfigureOscillator	;wreg free
   237                           
   238                           ;main.c: 39: InitApp();
   239  000142  ECB2  F000         	call	_InitApp	;wreg free
   240  000146                     l17:
   241                           
   242                           ;main.c: 44: {
   243                           ;main.c: 45: if(readVoltage() > 128)
   244  000146  EC89  F000         	call	_readVoltage	;wreg free
   245  00014A  5021               	movf	?_readVoltage+1,w,c
   246  00014C  0A80               	xorlw	128
   247  00014E  0F80               	addlw	-128
   248  000150  0E81               	movlw	129
   249  000152  B4D8               	btfsc	status,2,c
   250  000154  5C20               	subwf	?_readVoltage,w,c
   251  000156  A0D8               	btfss	status,0,c
   252  000158  D002               	goto	l644
   253                           
   254                           ;main.c: 46: PORTB = 0xff;
   255  00015A  6881               	setf	3969,c	;volatile
   256  00015C  D7F4               	goto	l17
   257  00015E                     l644:
   258                           
   259                           ;main.c: 47: else
   260                           ;main.c: 48: PORTB = 0x00;
   261  00015E  0E00               	movlw	0
   262  000160  6E81               	movwf	3969,c	;volatile
   263  000162  D7F1               	goto	l17
   264  000164                     __end_of_main:
   265                           	opt stack 0
   266                           pclatu	equ	0xFFB
   267                           pclath	equ	0xFFA
   268                           tblptru	equ	0xFF8
   269                           tblptrh	equ	0xFF7
   270                           tblptrl	equ	0xFF6
   271                           tablat	equ	0xFF5
   272                           prodh	equ	0xFF4
   273                           prodl	equ	0xFF3
   274                           fsr0h	equ	0xFEA
   275                           fsr0l	equ	0xFE9
   276                           wreg	equ	0xFE8
   277                           fsr1h	equ	0xFE2
   278                           fsr1l	equ	0xFE1
   279                           bsr	equ	0xFE0
   280                           fsr2h	equ	0xFDA
   281                           fsr2l	equ	0xFD9
   282                           status	equ	0xFD8
   283                           
   284 ;; *************** function _readVoltage *****************
   285 ;; Defined at:
   286 ;;		line 46 in file "user.c"
   287 ;; Parameters:    Size  Location     Type
   288 ;;		None
   289 ;; Auto vars:     Size  Location     Type
   290 ;;		None
   291 ;; Return value:  Size  Location     Type
   292 ;;                  2   31[COMRAM] int 
   293 ;; Registers used:
   294 ;;		wreg, status,2, status,0
   295 ;; Tracked objects:
   296 ;;		On entry : 0/0
   297 ;;		On exit  : 0/0
   298 ;;		Unchanged: 0/0
   299 ;; Data sizes:     COMRAM   BANK0   BANK1   BANK2   BANK3   BANK4   BANK5   BANK6   BANK7   BANK8   BANK9  BANK10  BANK1
      +1  BANK12  BANK13  BANK14  BANK15
   300 ;;      Params:         2       0       0       0       0       0       0       0       0       0       0       0       
      +0       0       0       0       0
   301 ;;      Locals:         0       0       0       0       0       0       0       0       0       0       0       0       
      +0       0       0       0       0
   302 ;;      Temps:          0       0       0       0       0       0       0       0       0       0       0       0       
      +0       0       0       0       0
   303 ;;      Totals:         2       0       0       0       0       0       0       0       0       0       0       0       
      +0       0       0       0       0
   304 ;;Total ram usage:        2 bytes
   305 ;; Hardware stack levels used:    1
   306 ;; Hardware stack levels required when called:    2
   307 ;; This function calls:
   308 ;;		Nothing
   309 ;; This function is called by:
   310 ;;		_main
   311 ;; This function uses a non-reentrant model
   312 ;;
   313                           
   314                           	psect	text1
   315  000112                     __ptext1:
   316                           	opt stack 0
   317  000112                     _readVoltage:
   318                           	opt stack 28
   319                           
   320                           ;user.c: 48: ADCS2 = 0b1;
   321                           
   322                           ;incstack = 0
   323                           ;incstack = 0
   324  000112  84C0               	bsf	4032,2,c	;volatile
   325                           
   326                           ;user.c: 49: ADCS1 = 0b0;
   327  000114  92C0               	bcf	4032,1,c	;volatile
   328                           
   329                           ;user.c: 50: ADCS0 = 0b1;
   330  000116  80C0               	bsf	4032,0,c	;volatile
   331                           
   332                           ;user.c: 53: ACQT2 = 0b0;
   333  000118  9AC0               	bcf	4032,5,c	;volatile
   334                           
   335                           ;user.c: 54: ACQT1 = 0b1;
   336  00011A  88C0               	bsf	4032,4,c	;volatile
   337                           
   338                           ;user.c: 55: ACQT0 = 0b1;
   339  00011C  86C0               	bsf	4032,3,c	;volatile
   340                           
   341                           ;user.c: 58: TRISA = 0x2f;
   342  00011E  0E2F               	movlw	47
   343  000120  6E92               	movwf	3986,c	;volatile
   344                           
   345                           ;user.c: 61: ADCON0 &= 0b00000011;
   346  000122  0E03               	movlw	3
   347  000124  16C2               	andwf	4034,f,c	;volatile
   348                           
   349                           ;user.c: 64: ADON = 0b0;
   350  000126  90C2               	bcf	4034,0,c	;volatile
   351                           
   352                           ;user.c: 67: _delay((unsigned long)((4)*(20000000/4000000.0)));
   353  000128  0E06               	movlw	6
   354  00012A                     u37:
   355  00012A  2EE8               	decfsz	wreg,f,c
   356  00012C  D7FE               	goto	u37
   357  00012E  D000               	nop2		;nop
   358                           
   359                           ;user.c: 70: GO = 0b1;
   360  000130  82C2               	bsf	4034,1,c	;volatile
   361  000132                     l61:
   362  000132  B2C2               	btfsc	4034,1,c	;volatile
   363  000134  D7FE               	goto	l61
   364                           
   365                           ;user.c: 75: return ADRESH;
   366  000136  CFC4 F020          	movff	4036,?_readVoltage	;volatile
   367  00013A  6A21               	clrf	?_readVoltage+1,c
   368  00013C  0012               	return	
   369  00013E                     __end_of_readVoltage:
   370                           	opt stack 0
   371                           pclatu	equ	0xFFB
   372                           pclath	equ	0xFFA
   373                           tblptru	equ	0xFF8
   374                           tblptrh	equ	0xFF7
   375                           tblptrl	equ	0xFF6
   376                           tablat	equ	0xFF5
   377                           prodh	equ	0xFF4
   378                           prodl	equ	0xFF3
   379                           fsr0h	equ	0xFEA
   380                           fsr0l	equ	0xFE9
   381                           wreg	equ	0xFE8
   382                           fsr1h	equ	0xFE2
   383                           fsr1l	equ	0xFE1
   384                           bsr	equ	0xFE0
   385                           fsr2h	equ	0xFDA
   386                           fsr2l	equ	0xFD9
   387                           status	equ	0xFD8
   388                           
   389 ;; *************** function _InitApp *****************
   390 ;; Defined at:
   391 ;;		line 29 in file "user.c"
   392 ;; Parameters:    Size  Location     Type
   393 ;;		None
   394 ;; Auto vars:     Size  Location     Type
   395 ;;		None
   396 ;; Return value:  Size  Location     Type
   397 ;;		None               void
   398 ;; Registers used:
   399 ;;		wreg, status,2, status,0
   400 ;; Tracked objects:
   401 ;;		On entry : 0/0
   402 ;;		On exit  : 0/0
   403 ;;		Unchanged: 0/0
   404 ;; Data sizes:     COMRAM   BANK0   BANK1   BANK2   BANK3   BANK4   BANK5   BANK6   BANK7   BANK8   BANK9  BANK10  BANK1
      +1  BANK12  BANK13  BANK14  BANK15
   405 ;;      Params:         0       0       0       0       0       0       0       0       0       0       0       0       
      +0       0       0       0       0
   406 ;;      Locals:         0       0       0       0       0       0       0       0       0       0       0       0       
      +0       0       0       0       0
   407 ;;      Temps:          0       0       0       0       0       0       0       0       0       0       0       0       
      +0       0       0       0       0
   408 ;;      Totals:         0       0       0       0       0       0       0       0       0       0       0       0       
      +0       0       0       0       0
   409 ;;Total ram usage:        0 bytes
   410 ;; Hardware stack levels used:    1
   411 ;; Hardware stack levels required when called:    2
   412 ;; This function calls:
   413 ;;		Nothing
   414 ;; This function is called by:
   415 ;;		_main
   416 ;; This function uses a non-reentrant model
   417 ;;
   418                           
   419                           	psect	text2
   420  000164                     __ptext2:
   421                           	opt stack 0
   422  000164                     _InitApp:
   423                           	opt stack 28
   424                           
   425                           ;user.c: 33: ADCON1 &= 0xf0;
   426                           
   427                           ;incstack = 0
   428                           ;incstack = 0
   429  000164  0EF0               	movlw	240
   430  000166  16C1               	andwf	4033,f,c	;volatile
   431                           
   432                           ;user.c: 34: ADCON1 |= 0x0a;
   433  000168  0E0A               	movlw	10
   434  00016A  12C1               	iorwf	4033,f,c	;volatile
   435                           
   436                           ;user.c: 35: TRISA = 0x00;
   437  00016C  0E00               	movlw	0
   438  00016E  6E92               	movwf	3986,c	;volatile
   439                           
   440                           ;user.c: 36: TRISB = 0x00;
   441  000170  0E00               	movlw	0
   442  000172  6E93               	movwf	3987,c	;volatile
   443  000174  0012               	return	
   444  000176                     __end_of_InitApp:
   445                           	opt stack 0
   446                           pclatu	equ	0xFFB
   447                           pclath	equ	0xFFA
   448                           tblptru	equ	0xFF8
   449                           tblptrh	equ	0xFF7
   450                           tblptrl	equ	0xFF6
   451                           tablat	equ	0xFF5
   452                           prodh	equ	0xFF4
   453                           prodl	equ	0xFF3
   454                           fsr0h	equ	0xFEA
   455                           fsr0l	equ	0xFE9
   456                           wreg	equ	0xFE8
   457                           fsr1h	equ	0xFE2
   458                           fsr1l	equ	0xFE1
   459                           bsr	equ	0xFE0
   460                           fsr2h	equ	0xFDA
   461                           fsr2l	equ	0xFD9
   462                           status	equ	0xFD8
   463                           
   464 ;; *************** function _ConfigureOscillator *****************
   465 ;; Defined at:
   466 ;;		line 25 in file "system.c"
   467 ;; Parameters:    Size  Location     Type
   468 ;;		None
   469 ;; Auto vars:     Size  Location     Type
   470 ;;		None
   471 ;; Return value:  Size  Location     Type
   472 ;;		None               void
   473 ;; Registers used:
   474 ;;		None
   475 ;; Tracked objects:
   476 ;;		On entry : 0/0
   477 ;;		On exit  : 0/0
   478 ;;		Unchanged: 0/0
   479 ;; Data sizes:     COMRAM   BANK0   BANK1   BANK2   BANK3   BANK4   BANK5   BANK6   BANK7   BANK8   BANK9  BANK10  BANK1
      +1  BANK12  BANK13  BANK14  BANK15
   480 ;;      Params:         0       0       0       0       0       0       0       0       0       0       0       0       
      +0       0       0       0       0
   481 ;;      Locals:         0       0       0       0       0       0       0       0       0       0       0       0       
      +0       0       0       0       0
   482 ;;      Temps:          0       0       0       0       0       0       0       0       0       0       0       0       
      +0       0       0       0       0
   483 ;;      Totals:         0       0       0       0       0       0       0       0       0       0       0       0       
      +0       0       0       0       0
   484 ;;Total ram usage:        0 bytes
   485 ;; Hardware stack levels used:    1
   486 ;; Hardware stack levels required when called:    2
   487 ;; This function calls:
   488 ;;		Nothing
   489 ;; This function is called by:
   490 ;;		_main
   491 ;; This function uses a non-reentrant model
   492 ;;
   493                           
   494                           	psect	text3
   495  00017C                     __ptext3:
   496                           	opt stack 0
   497  00017C                     _ConfigureOscillator:
   498                           	opt stack 28
   499                           
   500                           ;incstack = 0
   501                           ;incstack = 0
   502  00017C  0012               	return	
   503  00017E                     __end_of_ConfigureOscillator:
   504                           	opt stack 0
   505                           pclatu	equ	0xFFB
   506                           pclath	equ	0xFFA
   507                           tblptru	equ	0xFF8
   508                           tblptrh	equ	0xFF7
   509                           tblptrl	equ	0xFF6
   510                           tablat	equ	0xFF5
   511                           prodh	equ	0xFF4
   512                           prodl	equ	0xFF3
   513                           fsr0h	equ	0xFEA
   514                           fsr0l	equ	0xFE9
   515                           wreg	equ	0xFE8
   516                           fsr1h	equ	0xFE2
   517                           fsr1l	equ	0xFE1
   518                           bsr	equ	0xFE0
   519                           fsr2h	equ	0xFDA
   520                           fsr2l	equ	0xFD9
   521                           status	equ	0xFD8
   522                           
   523 ;; *************** function _high_isr *****************
   524 ;; Defined at:
   525 ;;		line 36 in file "interrupts.c"
   526 ;; Parameters:    Size  Location     Type
   527 ;;		None
   528 ;; Auto vars:     Size  Location     Type
   529 ;;		None
   530 ;; Return value:  Size  Location     Type
   531 ;;		None               void
   532 ;; Registers used:
   533 ;;		None
   534 ;; Tracked objects:
   535 ;;		On entry : 0/0
   536 ;;		On exit  : 0/0
   537 ;;		Unchanged: 0/0
   538 ;; Data sizes:     COMRAM   BANK0   BANK1   BANK2   BANK3   BANK4   BANK5   BANK6   BANK7   BANK8   BANK9  BANK10  BANK1
      +1  BANK12  BANK13  BANK14  BANK15
   539 ;;      Params:         0       0       0       0       0       0       0       0       0       0       0       0       
      +0       0       0       0       0
   540 ;;      Locals:         0       0       0       0       0       0       0       0       0       0       0       0       
      +0       0       0       0       0
   541 ;;      Temps:         14       0       0       0       0       0       0       0       0       0       0       0       
      +0       0       0       0       0
   542 ;;      Totals:        14       0       0       0       0       0       0       0       0       0       0       0       
      +0       0       0       0       0
   543 ;;Total ram usage:       14 bytes
   544 ;; Hardware stack levels used:    1
   545 ;; This function calls:
   546 ;;		Nothing
   547 ;; This function is called by:
   548 ;;		Interrupt level 2
   549 ;; This function uses a non-reentrant model
   550 ;;
   551                           
   552                           	psect	intcode
   553  000008                     __pintcode:
   554                           	opt stack 0
   555  000008                     _high_isr:
   556                           	opt stack 28
   557                           
   558                           ;incstack = 0
   559  000008  CFFA F012          	movff	pclath,??_high_isr
   560  00000C  CFFB F013          	movff	pclatu,??_high_isr+1
   561  000010  ED53  F000         	call	int_func,f	;refresh shadow registers
   562                           pclatu	equ	0xFFB
   563                           pclath	equ	0xFFA
   564                           tblptru	equ	0xFF8
   565                           tblptrh	equ	0xFF7
   566                           tblptrl	equ	0xFF6
   567                           tablat	equ	0xFF5
   568                           prodh	equ	0xFF4
   569                           prodl	equ	0xFF3
   570                           fsr0h	equ	0xFEA
   571                           fsr0l	equ	0xFE9
   572                           wreg	equ	0xFE8
   573                           fsr1h	equ	0xFE2
   574                           fsr1l	equ	0xFE1
   575                           bsr	equ	0xFE0
   576                           fsr2h	equ	0xFDA
   577                           fsr2l	equ	0xFD9
   578                           status	equ	0xFD8
   579                           
   580                           	psect	intcode_body
   581  0000A6                     __pintcode_body:
   582                           	opt stack 28
   583  0000A6                     int_func:
   584                           	opt stack 28
   585  0000A6  0006               	pop		; remove dummy address from shadow register refresh
   586  0000A8  CFE9 F014          	movff	fsr0l,??_high_isr+2
   587  0000AC  CFEA F015          	movff	fsr0h,??_high_isr+3
   588  0000B0  CFE1 F016          	movff	fsr1l,??_high_isr+4
   589  0000B4  CFE2 F017          	movff	fsr1h,??_high_isr+5
   590  0000B8  CFD9 F018          	movff	fsr2l,??_high_isr+6
   591  0000BC  CFDA F019          	movff	fsr2h,??_high_isr+7
   592  0000C0  CFF3 F01A          	movff	prodl,??_high_isr+8
   593  0000C4  CFF4 F01B          	movff	prodh,??_high_isr+9
   594  0000C8  CFF6 F01C          	movff	tblptrl,??_high_isr+10
   595  0000CC  CFF7 F01D          	movff	tblptrh,??_high_isr+11
   596  0000D0  CFF8 F01E          	movff	tblptru,??_high_isr+12
   597  0000D4  CFF5 F01F          	movff	tablat,??_high_isr+13
   598  0000D8  C01F  FFF5         	movff	??_high_isr+13,tablat
   599  0000DC  C01E  FFF8         	movff	??_high_isr+12,tblptru
   600  0000E0  C01D  FFF7         	movff	??_high_isr+11,tblptrh
   601  0000E4  C01C  FFF6         	movff	??_high_isr+10,tblptrl
   602  0000E8  C01B  FFF4         	movff	??_high_isr+9,prodh
   603  0000EC  C01A  FFF3         	movff	??_high_isr+8,prodl
   604  0000F0  C019  FFDA         	movff	??_high_isr+7,fsr2h
   605  0000F4  C018  FFD9         	movff	??_high_isr+6,fsr2l
   606  0000F8  C017  FFE2         	movff	??_high_isr+5,fsr1h
   607  0000FC  C016  FFE1         	movff	??_high_isr+4,fsr1l
   608  000100  C015  FFEA         	movff	??_high_isr+3,fsr0h
   609  000104  C014  FFE9         	movff	??_high_isr+2,fsr0l
   610  000108  C013  FFFB         	movff	??_high_isr+1,pclatu
   611  00010C  C012  FFFA         	movff	??_high_isr,pclath
   612  000110  0011               	retfie		f
   613  000112                     __end_of_high_isr:
   614                           	opt stack 0
   615  0000                     pclatu	equ	0xFFB
   616                           pclath	equ	0xFFA
   617                           tblptru	equ	0xFF8
   618                           tblptrh	equ	0xFF7
   619                           tblptrl	equ	0xFF6
   620                           tablat	equ	0xFF5
   621                           prodh	equ	0xFF4
   622                           prodl	equ	0xFF3
   623                           fsr0h	equ	0xFEA
   624                           fsr0l	equ	0xFE9
   625                           wreg	equ	0xFE8
   626                           fsr1h	equ	0xFE2
   627                           fsr1l	equ	0xFE1
   628                           bsr	equ	0xFE0
   629                           fsr2h	equ	0xFDA
   630                           fsr2l	equ	0xFD9
   631                           status	equ	0xFD8
   632                           pclatu	equ	0xFFB
   633                           pclath	equ	0xFFA
   634                           tblptru	equ	0xFF8
   635                           tblptrh	equ	0xFF7
   636                           tblptrl	equ	0xFF6
   637                           tablat	equ	0xFF5
   638                           prodh	equ	0xFF4
   639                           prodl	equ	0xFF3
   640                           fsr0h	equ	0xFEA
   641                           fsr0l	equ	0xFE9
   642                           wreg	equ	0xFE8
   643                           fsr1h	equ	0xFE2
   644                           fsr1l	equ	0xFE1
   645                           bsr	equ	0xFE0
   646                           fsr2h	equ	0xFDA
   647                           fsr2l	equ	0xFD9
   648                           status	equ	0xFD8
   649                           
   650                           	psect	rparam
   651  0000                     pclatu	equ	0xFFB
   652                           pclath	equ	0xFFA
   653                           tblptru	equ	0xFF8
   654                           tblptrh	equ	0xFF7
   655                           tblptrl	equ	0xFF6
   656                           tablat	equ	0xFF5
   657                           prodh	equ	0xFF4
   658                           prodl	equ	0xFF3
   659                           fsr0h	equ	0xFEA
   660                           fsr0l	equ	0xFE9
   661                           wreg	equ	0xFE8
   662                           fsr1h	equ	0xFE2
   663                           fsr1l	equ	0xFE1
   664                           bsr	equ	0xFE0
   665                           fsr2h	equ	0xFDA
   666                           fsr2l	equ	0xFD9
   667                           status	equ	0xFD8


Data Sizes:
    Strings     0
    Constant    0
    Data        0
    BSS         0
    Persistent  0
    Stack       0

Auto Spaces:
    Space          Size  Autos    Used
    COMRAM          127     33      33
    BANK0           128      0       0
    BANK1           256      0       0
    BANK2           256      0       0
    BANK3           256      0       0
    BANK4           256      0       0
    BANK5           256      0       0
    BANK6           256      0       0
    BANK7           256      0       0
    BANK8           256      0       0
    BANK9           256      0       0
    BANK10          256      0       0
    BANK11          256      0       0
    BANK12          256      0       0
    BANK13          256      0       0
    BANK14          256      0       0
    BANK15          128      0       0

Pointer List with Targets:

    ?_readVoltage	int  size(2) Largest target is 0


Critical Paths under _main in COMRAM

    _main->_readVoltage

Critical Paths under _high_isr in COMRAM

    None.

Critical Paths under _low_isr in COMRAM

    None.

Critical Paths under _main in BANK0

    None.

Critical Paths under _high_isr in BANK0

    None.

Critical Paths under _low_isr in BANK0

    None.

Critical Paths under _main in BANK1

    None.

Critical Paths under _high_isr in BANK1

    None.

Critical Paths under _low_isr in BANK1

    None.

Critical Paths under _main in BANK2

    None.

Critical Paths under _high_isr in BANK2

    None.

Critical Paths under _low_isr in BANK2

    None.

Critical Paths under _main in BANK3

    None.

Critical Paths under _high_isr in BANK3

    None.

Critical Paths under _low_isr in BANK3

    None.

Critical Paths under _main in BANK4

    None.

Critical Paths under _high_isr in BANK4

    None.

Critical Paths under _low_isr in BANK4

    None.

Critical Paths under _main in BANK5

    None.

Critical Paths under _high_isr in BANK5

    None.

Critical Paths under _low_isr in BANK5

    None.

Critical Paths under _main in BANK6

    None.

Critical Paths under _high_isr in BANK6

    None.

Critical Paths under _low_isr in BANK6

    None.

Critical Paths under _main in BANK7

    None.

Critical Paths under _high_isr in BANK7

    None.

Critical Paths under _low_isr in BANK7

    None.

Critical Paths under _main in BANK8

    None.

Critical Paths under _high_isr in BANK8

    None.

Critical Paths under _low_isr in BANK8

    None.

Critical Paths under _main in BANK9

    None.

Critical Paths under _high_isr in BANK9

    None.

Critical Paths under _low_isr in BANK9

    None.

Critical Paths under _main in BANK10

    None.

Critical Paths under _high_isr in BANK10

    None.

Critical Paths under _low_isr in BANK10

    None.

Critical Paths under _main in BANK11

    None.

Critical Paths under _high_isr in BANK11

    None.

Critical Paths under _low_isr in BANK11

    None.

Critical Paths under _main in BANK12

    None.

Critical Paths under _high_isr in BANK12

    None.

Critical Paths under _low_isr in BANK12

    None.

Critical Paths under _main in BANK13

    None.

Critical Paths under _high_isr in BANK13

    None.

Critical Paths under _low_isr in BANK13

    None.

Critical Paths under _main in BANK14

    None.

Critical Paths under _high_isr in BANK14

    None.

Critical Paths under _low_isr in BANK14

    None.

Critical Paths under _main in BANK15

    None.

Critical Paths under _high_isr in BANK15

    None.

Critical Paths under _low_isr in BANK15

    None.

Call Graph Tables:

 ---------------------------------------------------------------------------------
 (Depth) Function   	        Calls       Base Space   Used Autos Params    Refs
 ---------------------------------------------------------------------------------
 (0) _main                                                 0     0      0       0
                _ConfigureOscillator
                            _InitApp
                        _readVoltage
 ---------------------------------------------------------------------------------
 (1) _readVoltage                                          2     0      2       0
                                             31 COMRAM     2     0      2
 ---------------------------------------------------------------------------------
 (1) _InitApp                                              0     0      0       0
 ---------------------------------------------------------------------------------
 (1) _ConfigureOscillator                                  0     0      0       0
 ---------------------------------------------------------------------------------
 Estimated maximum stack depth 1
 ---------------------------------------------------------------------------------
 (Depth) Function   	        Calls       Base Space   Used Autos Params    Refs
 ---------------------------------------------------------------------------------
 (2) _low_isr                                             17    17      0       0
                                              0 COMRAM    17    17      0
 ---------------------------------------------------------------------------------
 Estimated maximum stack depth 2
 ---------------------------------------------------------------------------------
 (Depth) Function   	        Calls       Base Space   Used Autos Params    Refs
 ---------------------------------------------------------------------------------
 (3) _high_isr                                            14    14      0       0
                                             17 COMRAM    14    14      0
 ---------------------------------------------------------------------------------
 Estimated maximum stack depth 3
 ---------------------------------------------------------------------------------

 Call Graph Graphs:

 _main (ROOT)
   _ConfigureOscillator
   _InitApp
   _readVoltage

 _low_isr (ROOT)

 _high_isr (ROOT)

 Address spaces:
Name               Size   Autos  Total    Cost      Usage
BITCOMRAM           7F      0       0       0        0.0%
EEDATA             400      0       0       0        0.0%
NULL                 0      0       0       0        0.0%
CODE                 0      0       0       0        0.0%
COMRAM              7F     21      21       1       26.0%
STACK                0      0       1       2        0.0%
DATA                 0      0       0       3        0.0%
BITBANK0            80      0       0       4        0.0%
BANK0               80      0       0       5        0.0%
BITBANK1           100      0       0       6        0.0%
BANK1              100      0       0       7        0.0%
BITBANK2           100      0       0       8        0.0%
BANK2              100      0       0       9        0.0%
BITBANK3           100      0       0      10        0.0%
BANK3              100      0       0      11        0.0%
BITBANK4           100      0       0      12        0.0%
BANK4              100      0       0      13        0.0%
BITBANK5           100      0       0      14        0.0%
BANK5              100      0       0      15        0.0%
BITBANK6           100      0       0      16        0.0%
BANK6              100      0       0      17        0.0%
BITBANK7           100      0       0      18        0.0%
BANK7              100      0       0      19        0.0%
BITBANK8           100      0       0      20        0.0%
BANK8              100      0       0      21        0.0%
BITBANK9           100      0       0      22        0.0%
BANK9              100      0       0      23        0.0%
BITBANK10          100      0       0      24        0.0%
BANK10             100      0       0      25        0.0%
BITBANK11          100      0       0      26        0.0%
BANK11             100      0       0      27        0.0%
BITBANK12          100      0       0      28        0.0%
BANK12             100      0       0      29        0.0%
BITBANK13          100      0       0      30        0.0%
BANK13             100      0       0      31        0.0%
BITBANK14          100      0       0      32        0.0%
BANK14             100      0       0      33        0.0%
ABS                  0      0       0      34        0.0%
BITBANK15           80      0       0      35        0.0%
BANK15              80      0       0      36        0.0%
BIGRAM             F7F      0       0      37        0.0%
BITSFR               0      0       0      40        0.0%
SFR                  0      0       0      40        0.0%


Microchip Technology PIC18 Macro Assembler V1.21 build 54009 
Symbol Table                                                                                   Tue Oct 29 00:18:47 2013

                          l17 0146                            l61 0132                            _GO 007E11  
                          u37 012A                            bsr 000FE0                   __CFG_BORV$3 000000  
                __CFG_CP0$OFF 000000                  __CFG_CP1$OFF 000000                  __CFG_CP2$OFF 000000  
                 __CFG_OSC$EC 000000                  __CFG_CP3$OFF 000000                   __CFG_LVP$ON 000000  
                 __CFG_WDT$ON 000000                           l644 015E                  __CFG_CPB$OFF 000000  
                __CFG_CPD$OFF 000000                           i1l6 005C                           i2l3 00D8  
                         wreg 000FE8                          _ADON 007E10                          _DONE 007E11  
                        _main 013E                          fsr0h 000FEA                          fsr1h 000FE2  
                        fsr0l 000FE9                          fsr2h 000FDA                          fsr1l 000FE1  
                        fsr2l 000FD9                          pclat 000FFA                          prodh 000FF4  
                        prodl 000FF3                          start 00A2                 __CFG_IESO$OFF 000000  
               __CFG_MCLRE$ON 000000               __end_of_InitApp 0176                         _ADCS0 007E00  
                       _ADCS1 007E01                         _ADCS2 007E02                         ?_main 0001  
                       _ACQT0 007E03                         _ACQT1 007E04                         _ACQT2 007E05  
                       _PORTB 000F81                         _TRISA 000F92                         _TRISB 000F93  
         _ConfigureOscillator 017C                  ?_readVoltage 0020                 __CFG_PWRT$OFF 000000  
               __CFG_WRT0$OFF 000000                 __CFG_WRT1$OFF 000000                 __CFG_WRT2$OFF 000000  
               __CFG_WRT3$OFF 000000                __CFG_EBTR0$OFF 000000                __CFG_FCMEN$OFF 000000  
              __CFG_EBTR1$OFF 000000                __CFG_EBTR2$OFF 000000                __CFG_EBTR3$OFF 000000  
               __CFG_WRTB$OFF 000000                 __CFG_WRTC$OFF 000000                 __CFG_WRTD$OFF 000000  
              __CFG_EBTRB$OFF 000000               __end_of_low_isr 00A2                         tablat 000FF5  
                       status 000FD8          ?_ConfigureOscillator 0001               __initialization 0176  
                __end_of_main 0164                        ??_main 0022                 __activetblptr 000000  
                      _ADCON0 000FC2                        _ADCON1 000FC1                        _ADRESH 000FC4  
                   ??_InitApp 0020         ??_ConfigureOscillator 0020                __CFG_XINST$OFF 000000  
            __end_of_high_isr 0112                __CFG_STVREN$ON 000000                     ??_low_isr 0001  
                      tblptrh 000FF7                        tblptrl 000FF6                        tblptru 000FF8  
                  __accesstop 0080       __end_of__initialization 0176               __CFG_PBADEN$OFF 000000  
              __pcstackCOMRAM 0001          __size_of_readVoltage 002C                     ?_high_isr 0001  
                     _InitApp 0164                       __Hparam 0000                       __Lparam 0000  
                     __pcinit 0176                       __ramtop 1000                       __ptext0 013E  
                     __ptext1 0112                       __ptext2 0164                       __ptext3 017C  
                     _low_isr 0018                    ??_high_isr 0012                __pintcode_body 00A6  
        end_of_initialization 0176                       int_func 00A6   __end_of_ConfigureOscillator 017E  
         start_initialization 0176              __CFG_LPT1OSC$OFF 000000                 ??_readVoltage 0022  
           __size_of_high_isr 010A                      ?_InitApp 0001             __CFG_CCP2MX$PORTC 000000  
                   __pintcode 0008                   __pintcodelo 0018                      ?_low_isr 0001  
         __end_of_readVoltage 013E              __CFG_WDTPS$32768 000000              __size_of_InitApp 0012  
                    __Hrparam 0000                      __Lrparam 0000            __CFG_BOREN$SBORDIS 000000  
                 _readVoltage 0112              __size_of_low_isr 008A                      _high_isr 0008  
               __size_of_main 0026  __size_of_ConfigureOscillator 0002                      intlevel1 0000  
                    intlevel2 0000  
